2026-05-19 08:04:00,451 [INFO] ============================================================
2026-05-19 08:04:00,451 [INFO] STEP 1/4: Web Scraping
2026-05-19 08:04:00,451 [INFO] ============================================================
2026-05-19 08:04:00,451 [INFO] --- Starting: Scraper ---
2026-05-19 08:04:03,309 [INFO] Scraper completed in 2.86s
2026-05-19 08:04:03,309 [INFO]   Total URLs: 5
2026-05-19 08:04:03,310 [INFO]   Successful: 5
2026-05-19 08:04:03,310 [INFO]   Failed: 0
2026-05-19 08:04:03,310 [INFO]   From Cache: 5
2026-05-19 08:04:03,310 [INFO]   ==================================================
2026-05-19 08:04:03,310 [INFO]   ✓ https://groww.in/mutual-funds/hdfc-mid-cap-fund-direct-growth
2026-05-19 08:04:03,310 [INFO]     Text length: 18812 characters
2026-05-19 08:04:03,310 [INFO]   ✓ https://groww.in/mutual-funds/hdfc-equity-fund-direct-growth
2026-05-19 08:04:03,310 [INFO]     Text length: 18304 characters
2026-05-19 08:04:03,310 [INFO]   ✓ https://groww.in/mutual-funds/hdfc-focused-fund-direct-growth
2026-05-19 08:04:03,310 [INFO]     Text length: 16848 characters
2026-05-19 08:04:03,310 [INFO]   ✓ https://groww.in/mutual-funds/hdfc-elss-tax-saver-fund-direct-plan-growth
2026-05-19 08:04:03,310 [INFO]     Text length: 17757 characters
2026-05-19 08:04:03,310 [INFO]   ✓ https://groww.in/mutual-funds/hdfc-large-cap-fund-direct-growth
2026-05-19 08:04:03,310 [INFO]     Text length: 17400 characters
2026-05-19 08:04:03,310 [INFO] ============================================================
2026-05-19 08:04:03,310 [INFO] STEP 2/4: Content Extraction
2026-05-19 08:04:03,310 [INFO] ============================================================
2026-05-19 08:04:03,311 [INFO] --- Starting: Content Extraction ---
2026-05-19 08:04:03,845 [INFO] Content Extraction completed in 0.53s
2026-05-19 08:04:03,845 [INFO]     Saved: hdfc_focused_fund_direct_growth.json
2026-05-19 08:04:03,845 [INFO]     Size: 2829 characters
2026-05-19 08:04:03,845 [INFO]   Processing: hdfc_large_cap_fund_direct_growth.html
2026-05-19 08:04:03,845 [INFO]     Saved: hdfc_large_cap_fund_direct_growth.json
2026-05-19 08:04:03,845 [INFO]     Size: 3361 characters
2026-05-19 08:04:03,845 [INFO]   
2026-05-19 08:04:03,845 [INFO]   ============================================================
2026-05-19 08:04:03,846 [INFO]   Processing Complete
2026-05-19 08:04:03,846 [INFO]   ============================================================
2026-05-19 08:04:03,846 [INFO]   Total files processed: 5
2026-05-19 08:04:03,846 [INFO]   Total original size: 1,942,885 characters
2026-05-19 08:04:03,846 [INFO]   Total cleaned size: 18,074 characters
2026-05-19 08:04:03,846 [INFO]   Reduction: 99.1%
2026-05-19 08:04:03,846 [INFO]   
2026-05-19 08:04:03,846 [INFO]   Extracted JSON files saved to: /home/runner/work/m2-mutualFunds-RAGchatbot/m2-mutualFunds-RAGchatbot/phase_2/scraped-data/extracted_json
2026-05-19 08:04:03,846 [INFO] ============================================================
2026-05-19 08:04:03,846 [INFO] STEP 3/4: Document Chunking
2026-05-19 08:04:03,846 [INFO] ============================================================
2026-05-19 08:04:03,846 [INFO] --- Starting: Chunking ---
2026-05-19 08:04:03,899 [INFO] Chunking completed in 0.05s
2026-05-19 08:04:03,899 [INFO]     Saved: hdfc_equity_fund_direct_growth_chunked.json
2026-05-19 08:04:03,899 [INFO]     Chunks: 5
2026-05-19 08:04:03,899 [INFO]     Valid chunks: 2
2026-05-19 08:04:03,899 [INFO]     Avg quality: 0.88
2026-05-19 08:04:03,899 [INFO]   
2026-05-19 08:04:03,899 [INFO]   ============================================================
2026-05-19 08:04:03,899 [INFO]   Processing Complete
2026-05-19 08:04:03,899 [INFO]   ============================================================
2026-05-19 08:04:03,899 [INFO]   Total files processed: 5
2026-05-19 08:04:03,899 [INFO]   Total chunks generated: 21
2026-05-19 08:04:03,899 [INFO]   Valid chunks: 2
2026-05-19 08:04:03,899 [INFO]   Invalid chunks: 19
2026-05-19 08:04:03,899 [INFO]   Average quality score: 0.82
2026-05-19 08:04:03,899 [INFO]   
2026-05-19 08:04:03,899 [INFO]   Chunked JSON files saved to: /home/runner/work/m2-mutualFunds-RAGchatbot/m2-mutualFunds-RAGchatbot/phase_2/scraped-data/chunked_json
2026-05-19 08:04:03,899 [INFO] ============================================================
2026-05-19 08:04:03,899 [INFO] STEP 4/4: Embedding Generation
2026-05-19 08:04:03,899 [INFO] ============================================================
2026-05-19 08:04:03,899 [INFO] --- Starting: Embedding ---
2026-05-19 08:04:04,936 [INFO] Embedding completed in 1.04s
2026-05-19 08:04:04,936 [INFO]   Processing: hdfc_mid_cap_fund_direct_growth_chunked.json
2026-05-19 08:04:04,936 [INFO]     Chunks processed: 5
2026-05-19 08:04:04,937 [INFO]     Embedding dim: 384
2026-05-19 08:04:04,937 [INFO]   Processing: hdfc_large_cap_fund_direct_growth_chunked.json
2026-05-19 08:04:04,937 [INFO]     Chunks processed: 4
2026-05-19 08:04:04,937 [INFO]     Embedding dim: 384
2026-05-19 08:04:04,937 [INFO]   
2026-05-19 08:04:04,937 [INFO]   ============================================================
2026-05-19 08:04:04,937 [INFO]   Processing Complete
2026-05-19 08:04:04,937 [INFO]   ============================================================
2026-05-19 08:04:04,937 [INFO]   Files processed: 5
2026-05-19 08:04:04,937 [INFO]   Total chunks indexed: 21
2026-05-19 08:04:04,937 [INFO]   Total vectors in DB: 21
2026-05-19 08:04:04,937 [INFO]   
2026-05-19 08:04:04,937 [INFO]   Vector database saved to: /home/runner/work/m2-mutualFunds-RAGchatbot/m2-mutualFunds-RAGchatbot/phase_3/vector_db
2026-05-19 08:04:04,938 [INFO] Report saved to /home/runner/work/m2-mutualFunds-RAGchatbot/m2-mutualFunds-RAGchatbot/logs/scheduler_report.json
2026-05-19 08:04:04,938 [INFO] ============================================================
2026-05-19 08:04:04,938 [INFO] ALL STEPS COMPLETE
2026-05-19 08:04:04,938 [INFO] ============================================================
