2026-05-30 07:27:02,795 [INFO] ============================================================
2026-05-30 07:27:02,795 [INFO] STEP 1/4: Web Scraping
2026-05-30 07:27:02,795 [INFO] ============================================================
2026-05-30 07:27:02,795 [INFO] --- Starting: Scraper ---
2026-05-30 07:27:05,690 [INFO] Scraper completed in 2.89s
2026-05-30 07:27:05,690 [INFO]   Total URLs: 5
2026-05-30 07:27:05,690 [INFO]   Successful: 5
2026-05-30 07:27:05,690 [INFO]   Failed: 0
2026-05-30 07:27:05,690 [INFO]   From Cache: 0
2026-05-30 07:27:05,690 [INFO]   ==================================================
2026-05-30 07:27:05,690 [INFO]   ✓ https://groww.in/mutual-funds/hdfc-mid-cap-fund-direct-growth
2026-05-30 07:27:05,690 [INFO]     Text length: 18767 characters
2026-05-30 07:27:05,691 [INFO]   ✓ https://groww.in/mutual-funds/hdfc-equity-fund-direct-growth
2026-05-30 07:27:05,691 [INFO]     Text length: 18259 characters
2026-05-30 07:27:05,691 [INFO]   ✓ https://groww.in/mutual-funds/hdfc-focused-fund-direct-growth
2026-05-30 07:27:05,691 [INFO]     Text length: 16804 characters
2026-05-30 07:27:05,691 [INFO]   ✓ https://groww.in/mutual-funds/hdfc-elss-tax-saver-fund-direct-plan-growth
2026-05-30 07:27:05,691 [INFO]     Text length: 17712 characters
2026-05-30 07:27:05,691 [INFO]   ✓ https://groww.in/mutual-funds/hdfc-large-cap-fund-direct-growth
2026-05-30 07:27:05,691 [INFO]     Text length: 17354 characters
2026-05-30 07:27:05,691 [INFO] ============================================================
2026-05-30 07:27:05,691 [INFO] STEP 2/4: Content Extraction
2026-05-30 07:27:05,691 [INFO] ============================================================
2026-05-30 07:27:05,691 [INFO] --- Starting: Content Extraction ---
2026-05-30 07:27:06,122 [INFO] Content Extraction completed in 0.43s
2026-05-30 07:27:06,122 [INFO]     Saved: hdfc_large_cap_fund_direct_growth.json
2026-05-30 07:27:06,122 [INFO]     Size: 3359 characters
2026-05-30 07:27:06,122 [INFO]   Processing: hdfc_equity_fund_direct_growth.html
2026-05-30 07:27:06,122 [INFO]     Saved: hdfc_equity_fund_direct_growth.json
2026-05-30 07:27:06,122 [INFO]     Size: 3955 characters
2026-05-30 07:27:06,122 [INFO]   
2026-05-30 07:27:06,122 [INFO]   ============================================================
2026-05-30 07:27:06,122 [INFO]   Processing Complete
2026-05-30 07:27:06,122 [INFO]   ============================================================
2026-05-30 07:27:06,122 [INFO]   Total files processed: 5
2026-05-30 07:27:06,122 [INFO]   Total original size: 1,911,833 characters
2026-05-30 07:27:06,122 [INFO]   Total cleaned size: 18,068 characters
2026-05-30 07:27:06,122 [INFO]   Reduction: 99.1%
2026-05-30 07:27:06,122 [INFO]   
2026-05-30 07:27:06,122 [INFO]   Extracted JSON files saved to: /home/runner/work/m2-mutualFunds-RAGchatbot/m2-mutualFunds-RAGchatbot/phase_2/scraped-data/extracted_json
2026-05-30 07:27:06,122 [INFO] ============================================================
2026-05-30 07:27:06,122 [INFO] STEP 3/4: Document Chunking
2026-05-30 07:27:06,123 [INFO] ============================================================
2026-05-30 07:27:06,123 [INFO] --- Starting: Chunking ---
2026-05-30 07:27:06,178 [INFO] Chunking completed in 0.06s
2026-05-30 07:27:06,178 [INFO]     Saved: hdfc_focused_fund_direct_growth_chunked.json
2026-05-30 07:27:06,179 [INFO]     Chunks: 3
2026-05-30 07:27:06,179 [INFO]     Valid chunks: 0
2026-05-30 07:27:06,179 [INFO]     Avg quality: 0.80
2026-05-30 07:27:06,179 [INFO]   
2026-05-30 07:27:06,179 [INFO]   ============================================================
2026-05-30 07:27:06,179 [INFO]   Processing Complete
2026-05-30 07:27:06,179 [INFO]   ============================================================
2026-05-30 07:27:06,179 [INFO]   Total files processed: 5
2026-05-30 07:27:06,179 [INFO]   Total chunks generated: 21
2026-05-30 07:27:06,179 [INFO]   Valid chunks: 2
2026-05-30 07:27:06,179 [INFO]   Invalid chunks: 19
2026-05-30 07:27:06,179 [INFO]   Average quality score: 0.82
2026-05-30 07:27:06,179 [INFO]   
2026-05-30 07:27:06,179 [INFO]   Chunked JSON files saved to: /home/runner/work/m2-mutualFunds-RAGchatbot/m2-mutualFunds-RAGchatbot/phase_2/scraped-data/chunked_json
2026-05-30 07:27:06,179 [INFO] ============================================================
2026-05-30 07:27:06,179 [INFO] STEP 4/4: Embedding Generation
2026-05-30 07:27:06,179 [INFO] ============================================================
2026-05-30 07:27:06,179 [INFO] --- Starting: Embedding ---
2026-05-30 07:27:07,261 [INFO] Embedding completed in 1.08s
2026-05-30 07:27:07,261 [INFO]   Processing: hdfc_focused_fund_direct_growth_chunked.json
2026-05-30 07:27:07,261 [INFO]     Chunks processed: 3
2026-05-30 07:27:07,261 [INFO]     Embedding dim: 384
2026-05-30 07:27:07,261 [INFO]   Processing: hdfc_equity_fund_direct_growth_chunked.json
2026-05-30 07:27:07,261 [INFO]     Chunks processed: 5
2026-05-30 07:27:07,261 [INFO]     Embedding dim: 384
2026-05-30 07:27:07,261 [INFO]   
2026-05-30 07:27:07,261 [INFO]   ============================================================
2026-05-30 07:27:07,261 [INFO]   Processing Complete
2026-05-30 07:27:07,261 [INFO]   ============================================================
2026-05-30 07:27:07,261 [INFO]   Files processed: 5
2026-05-30 07:27:07,261 [INFO]   Total chunks indexed: 21
2026-05-30 07:27:07,261 [INFO]   Total vectors in DB: 21
2026-05-30 07:27:07,261 [INFO]   
2026-05-30 07:27:07,261 [INFO]   Vector database saved to: /home/runner/work/m2-mutualFunds-RAGchatbot/m2-mutualFunds-RAGchatbot/phase_3/vector_db
2026-05-30 07:27:07,262 [INFO] Report saved to /home/runner/work/m2-mutualFunds-RAGchatbot/m2-mutualFunds-RAGchatbot/logs/scheduler_report.json
2026-05-30 07:27:07,262 [INFO] ============================================================
2026-05-30 07:27:07,262 [INFO] ALL STEPS COMPLETE
2026-05-30 07:27:07,262 [INFO] ============================================================
