2026-07-13 07:49:08,958 [INFO] ============================================================
2026-07-13 07:49:08,958 [INFO] STEP 1/4: Web Scraping
2026-07-13 07:49:08,959 [INFO] ============================================================
2026-07-13 07:49:08,959 [INFO] --- Starting: Scraper ---
2026-07-13 07:49:12,094 [INFO] Scraper completed in 3.14s
2026-07-13 07:49:12,095 [INFO]   Total URLs: 5
2026-07-13 07:49:12,095 [INFO]   Successful: 5
2026-07-13 07:49:12,095 [INFO]   Failed: 0
2026-07-13 07:49:12,095 [INFO]   From Cache: 0
2026-07-13 07:49:12,095 [INFO]   ==================================================
2026-07-13 07:49:12,095 [INFO]   ✓ https://groww.in/mutual-funds/hdfc-mid-cap-fund-direct-growth
2026-07-13 07:49:12,095 [INFO]     Text length: 18857 characters
2026-07-13 07:49:12,095 [INFO]   ✓ https://groww.in/mutual-funds/hdfc-equity-fund-direct-growth
2026-07-13 07:49:12,095 [INFO]     Text length: 19047 characters
2026-07-13 07:49:12,095 [INFO]   ✓ https://groww.in/mutual-funds/hdfc-focused-fund-direct-growth
2026-07-13 07:49:12,095 [INFO]     Text length: 17053 characters
2026-07-13 07:49:12,095 [INFO]   ✓ https://groww.in/mutual-funds/hdfc-elss-tax-saver-fund-direct-plan-growth
2026-07-13 07:49:12,095 [INFO]     Text length: 18068 characters
2026-07-13 07:49:12,095 [INFO]   ✓ https://groww.in/mutual-funds/hdfc-large-cap-fund-direct-growth
2026-07-13 07:49:12,096 [INFO]     Text length: 17540 characters
2026-07-13 07:49:12,096 [INFO] ============================================================
2026-07-13 07:49:12,096 [INFO] STEP 2/4: Content Extraction
2026-07-13 07:49:12,096 [INFO] ============================================================
2026-07-13 07:49:12,096 [INFO] --- Starting: Content Extraction ---
2026-07-13 07:49:12,595 [INFO] Content Extraction completed in 0.5s
2026-07-13 07:49:12,595 [INFO]     Saved: hdfc_large_cap_fund_direct_growth.json
2026-07-13 07:49:12,596 [INFO]     Size: 3786 characters
2026-07-13 07:49:12,596 [INFO]   Processing: hdfc_elss_tax_saver_fund_direct_plan_growth.html
2026-07-13 07:49:12,596 [INFO]     Saved: hdfc_elss_tax_saver_fund_direct_plan_growth.json
2026-07-13 07:49:12,596 [INFO]     Size: 4708 characters
2026-07-13 07:49:12,596 [INFO]   
2026-07-13 07:49:12,596 [INFO]   ============================================================
2026-07-13 07:49:12,596 [INFO]   Processing Complete
2026-07-13 07:49:12,596 [INFO]   ============================================================
2026-07-13 07:49:12,596 [INFO]   Total files processed: 5
2026-07-13 07:49:12,596 [INFO]   Total original size: 1,972,959 characters
2026-07-13 07:49:12,596 [INFO]   Total cleaned size: 22,834 characters
2026-07-13 07:49:12,596 [INFO]   Reduction: 98.8%
2026-07-13 07:49:12,596 [INFO]   
2026-07-13 07:49:12,596 [INFO]   Extracted JSON files saved to: /home/runner/work/m2-mutualFunds-RAGchatbot/m2-mutualFunds-RAGchatbot/phase_2/scraped-data/extracted_json
2026-07-13 07:49:12,597 [INFO] ============================================================
2026-07-13 07:49:12,597 [INFO] STEP 3/4: Document Chunking
2026-07-13 07:49:12,597 [INFO] ============================================================
2026-07-13 07:49:12,597 [INFO] --- Starting: Chunking ---
2026-07-13 07:49:12,649 [INFO] Chunking completed in 0.05s
2026-07-13 07:49:12,649 [INFO]     Saved: hdfc_equity_fund_direct_growth_chunked.json
2026-07-13 07:49:12,649 [INFO]     Chunks: 7
2026-07-13 07:49:12,649 [INFO]     Valid chunks: 1
2026-07-13 07:49:12,650 [INFO]     Avg quality: 0.83
2026-07-13 07:49:12,650 [INFO]   
2026-07-13 07:49:12,650 [INFO]   ============================================================
2026-07-13 07:49:12,650 [INFO]   Processing Complete
2026-07-13 07:49:12,650 [INFO]   ============================================================
2026-07-13 07:49:12,650 [INFO]   Total files processed: 5
2026-07-13 07:49:12,650 [INFO]   Total chunks generated: 28
2026-07-13 07:49:12,650 [INFO]   Valid chunks: 1
2026-07-13 07:49:12,650 [INFO]   Invalid chunks: 27
2026-07-13 07:49:12,650 [INFO]   Average quality score: 0.81
2026-07-13 07:49:12,650 [INFO]   
2026-07-13 07:49:12,650 [INFO]   Chunked JSON files saved to: /home/runner/work/m2-mutualFunds-RAGchatbot/m2-mutualFunds-RAGchatbot/phase_2/scraped-data/chunked_json
2026-07-13 07:49:12,650 [INFO] ============================================================
2026-07-13 07:49:12,650 [INFO] STEP 4/4: Embedding Generation
2026-07-13 07:49:12,650 [INFO] ============================================================
2026-07-13 07:49:12,650 [INFO] --- Starting: Embedding ---
2026-07-13 07:49:13,729 [INFO] Embedding completed in 1.08s
2026-07-13 07:49:13,729 [INFO]   Processing: hdfc_mid_cap_fund_direct_growth_chunked.json
2026-07-13 07:49:13,730 [INFO]     Chunks processed: 7
2026-07-13 07:49:13,730 [INFO]     Embedding dim: 384
2026-07-13 07:49:13,730 [INFO]   Processing: hdfc_equity_fund_direct_growth_chunked.json
2026-07-13 07:49:13,730 [INFO]     Chunks processed: 7
2026-07-13 07:49:13,730 [INFO]     Embedding dim: 384
2026-07-13 07:49:13,730 [INFO]   
2026-07-13 07:49:13,730 [INFO]   ============================================================
2026-07-13 07:49:13,730 [INFO]   Processing Complete
2026-07-13 07:49:13,730 [INFO]   ============================================================
2026-07-13 07:49:13,730 [INFO]   Files processed: 5
2026-07-13 07:49:13,730 [INFO]   Total chunks indexed: 28
2026-07-13 07:49:13,730 [INFO]   Total vectors in DB: 29
2026-07-13 07:49:13,730 [INFO]   
2026-07-13 07:49:13,730 [INFO]   Vector database saved to: /home/runner/work/m2-mutualFunds-RAGchatbot/m2-mutualFunds-RAGchatbot/phase_3/vector_db
2026-07-13 07:49:13,730 [INFO] Report saved to /home/runner/work/m2-mutualFunds-RAGchatbot/m2-mutualFunds-RAGchatbot/logs/scheduler_report.json
2026-07-13 07:49:13,730 [INFO] ============================================================
2026-07-13 07:49:13,730 [INFO] ALL STEPS COMPLETE
2026-07-13 07:49:13,730 [INFO] ============================================================
