2026-07-10 08:00:26,438 [INFO] ============================================================
2026-07-10 08:00:26,438 [INFO] STEP 1/4: Web Scraping
2026-07-10 08:00:26,439 [INFO] ============================================================
2026-07-10 08:00:26,439 [INFO] --- Starting: Scraper ---
2026-07-10 08:00:30,999 [INFO] Scraper completed in 4.56s
2026-07-10 08:00:30,999 [INFO]   Total URLs: 5
2026-07-10 08:00:30,999 [INFO]   Successful: 5
2026-07-10 08:00:30,999 [INFO]   Failed: 0
2026-07-10 08:00:30,999 [INFO]   From Cache: 0
2026-07-10 08:00:30,999 [INFO]   ==================================================
2026-07-10 08:00:30,999 [INFO]   ✓ https://groww.in/mutual-funds/hdfc-mid-cap-fund-direct-growth
2026-07-10 08:00:30,999 [INFO]     Text length: 18857 characters
2026-07-10 08:00:30,999 [INFO]   ✓ https://groww.in/mutual-funds/hdfc-equity-fund-direct-growth
2026-07-10 08:00:30,999 [INFO]     Text length: 18878 characters
2026-07-10 08:00:30,999 [INFO]   ✓ https://groww.in/mutual-funds/hdfc-focused-fund-direct-growth
2026-07-10 08:00:30,999 [INFO]     Text length: 17055 characters
2026-07-10 08:00:30,999 [INFO]   ✓ https://groww.in/mutual-funds/hdfc-elss-tax-saver-fund-direct-plan-growth
2026-07-10 08:00:30,999 [INFO]     Text length: 17962 characters
2026-07-10 08:00:30,999 [INFO]   ✓ https://groww.in/mutual-funds/hdfc-large-cap-fund-direct-growth
2026-07-10 08:00:30,999 [INFO]     Text length: 17529 characters
2026-07-10 08:00:30,999 [INFO] ============================================================
2026-07-10 08:00:31,000 [INFO] STEP 2/4: Content Extraction
2026-07-10 08:00:31,000 [INFO] ============================================================
2026-07-10 08:00:31,000 [INFO] --- Starting: Content Extraction ---
2026-07-10 08:00:31,376 [INFO] Content Extraction completed in 0.38s
2026-07-10 08:00:31,376 [INFO]     Saved: hdfc_large_cap_fund_direct_growth.json
2026-07-10 08:00:31,376 [INFO]     Size: 3775 characters
2026-07-10 08:00:31,376 [INFO]   Processing: hdfc_elss_tax_saver_fund_direct_plan_growth.html
2026-07-10 08:00:31,376 [INFO]     Saved: hdfc_elss_tax_saver_fund_direct_plan_growth.json
2026-07-10 08:00:31,376 [INFO]     Size: 4592 characters
2026-07-10 08:00:31,376 [INFO]   
2026-07-10 08:00:31,377 [INFO]   ============================================================
2026-07-10 08:00:31,377 [INFO]   Processing Complete
2026-07-10 08:00:31,377 [INFO]   ============================================================
2026-07-10 08:00:31,377 [INFO]   Total files processed: 5
2026-07-10 08:00:31,377 [INFO]   Total original size: 1,939,162 characters
2026-07-10 08:00:31,377 [INFO]   Total cleaned size: 22,525 characters
2026-07-10 08:00:31,377 [INFO]   Reduction: 98.8%
2026-07-10 08:00:31,377 [INFO]   
2026-07-10 08:00:31,377 [INFO]   Extracted JSON files saved to: /home/runner/work/m2-mutualFunds-RAGchatbot/m2-mutualFunds-RAGchatbot/phase_2/scraped-data/extracted_json
2026-07-10 08:00:31,377 [INFO] ============================================================
2026-07-10 08:00:31,377 [INFO] STEP 3/4: Document Chunking
2026-07-10 08:00:31,377 [INFO] ============================================================
2026-07-10 08:00:31,377 [INFO] --- Starting: Chunking ---
2026-07-10 08:00:31,425 [INFO] Chunking completed in 0.05s
2026-07-10 08:00:31,425 [INFO]     Saved: hdfc_equity_fund_direct_growth_chunked.json
2026-07-10 08:00:31,425 [INFO]     Chunks: 7
2026-07-10 08:00:31,425 [INFO]     Valid chunks: 1
2026-07-10 08:00:31,425 [INFO]     Avg quality: 0.83
2026-07-10 08:00:31,425 [INFO]   
2026-07-10 08:00:31,425 [INFO]   ============================================================
2026-07-10 08:00:31,425 [INFO]   Processing Complete
2026-07-10 08:00:31,425 [INFO]   ============================================================
2026-07-10 08:00:31,425 [INFO]   Total files processed: 5
2026-07-10 08:00:31,425 [INFO]   Total chunks generated: 29
2026-07-10 08:00:31,425 [INFO]   Valid chunks: 1
2026-07-10 08:00:31,425 [INFO]   Invalid chunks: 28
2026-07-10 08:00:31,426 [INFO]   Average quality score: 0.81
2026-07-10 08:00:31,426 [INFO]   
2026-07-10 08:00:31,426 [INFO]   Chunked JSON files saved to: /home/runner/work/m2-mutualFunds-RAGchatbot/m2-mutualFunds-RAGchatbot/phase_2/scraped-data/chunked_json
2026-07-10 08:00:31,426 [INFO] ============================================================
2026-07-10 08:00:31,426 [INFO] STEP 4/4: Embedding Generation
2026-07-10 08:00:31,426 [INFO] ============================================================
2026-07-10 08:00:31,426 [INFO] --- Starting: Embedding ---
2026-07-10 08:00:33,248 [INFO] Embedding completed in 1.82s
2026-07-10 08:00:33,248 [INFO]   Processing: hdfc_mid_cap_fund_direct_growth_chunked.json
2026-07-10 08:00:33,248 [INFO]     Chunks processed: 7
2026-07-10 08:00:33,249 [INFO]     Embedding dim: 384
2026-07-10 08:00:33,249 [INFO]   Processing: hdfc_equity_fund_direct_growth_chunked.json
2026-07-10 08:00:33,249 [INFO]     Chunks processed: 7
2026-07-10 08:00:33,249 [INFO]     Embedding dim: 384
2026-07-10 08:00:33,249 [INFO]   
2026-07-10 08:00:33,249 [INFO]   ============================================================
2026-07-10 08:00:33,249 [INFO]   Processing Complete
2026-07-10 08:00:33,249 [INFO]   ============================================================
2026-07-10 08:00:33,249 [INFO]   Files processed: 5
2026-07-10 08:00:33,249 [INFO]   Total chunks indexed: 29
2026-07-10 08:00:33,249 [INFO]   Total vectors in DB: 29
2026-07-10 08:00:33,249 [INFO]   
2026-07-10 08:00:33,249 [INFO]   Vector database saved to: /home/runner/work/m2-mutualFunds-RAGchatbot/m2-mutualFunds-RAGchatbot/phase_3/vector_db
2026-07-10 08:00:33,249 [INFO] Report saved to /home/runner/work/m2-mutualFunds-RAGchatbot/m2-mutualFunds-RAGchatbot/logs/scheduler_report.json
2026-07-10 08:00:33,249 [INFO] ============================================================
2026-07-10 08:00:33,249 [INFO] ALL STEPS COMPLETE
2026-07-10 08:00:33,249 [INFO] ============================================================
