2026-06-16 09:41:08,956 [INFO] ============================================================
2026-06-16 09:41:08,956 [INFO] STEP 1/4: Web Scraping
2026-06-16 09:41:08,956 [INFO] ============================================================
2026-06-16 09:41:08,956 [INFO] --- Starting: Scraper ---
2026-06-16 09:41:11,855 [INFO] Scraper completed in 2.9s
2026-06-16 09:41:11,855 [INFO]   Total URLs: 5
2026-06-16 09:41:11,855 [INFO]   Successful: 5
2026-06-16 09:41:11,855 [INFO]   Failed: 0
2026-06-16 09:41:11,855 [INFO]   From Cache: 5
2026-06-16 09:41:11,855 [INFO]   ==================================================
2026-06-16 09:41:11,856 [INFO]   ✓ https://groww.in/mutual-funds/hdfc-mid-cap-fund-direct-growth
2026-06-16 09:41:11,856 [INFO]     Text length: 18853 characters
2026-06-16 09:41:11,856 [INFO]   ✓ https://groww.in/mutual-funds/hdfc-equity-fund-direct-growth
2026-06-16 09:41:11,856 [INFO]     Text length: 18870 characters
2026-06-16 09:41:11,856 [INFO]   ✓ https://groww.in/mutual-funds/hdfc-focused-fund-direct-growth
2026-06-16 09:41:11,856 [INFO]     Text length: 17051 characters
2026-06-16 09:41:11,856 [INFO]   ✓ https://groww.in/mutual-funds/hdfc-elss-tax-saver-fund-direct-plan-growth
2026-06-16 09:41:11,856 [INFO]     Text length: 17963 characters
2026-06-16 09:41:11,856 [INFO]   ✓ https://groww.in/mutual-funds/hdfc-large-cap-fund-direct-growth
2026-06-16 09:41:11,856 [INFO]     Text length: 17530 characters
2026-06-16 09:41:11,856 [INFO] ============================================================
2026-06-16 09:41:11,856 [INFO] STEP 2/4: Content Extraction
2026-06-16 09:41:11,856 [INFO] ============================================================
2026-06-16 09:41:11,856 [INFO] --- Starting: Content Extraction ---
2026-06-16 09:41:12,385 [INFO] Content Extraction completed in 0.53s
2026-06-16 09:41:12,385 [INFO]     Saved: hdfc_large_cap_fund_direct_growth.json
2026-06-16 09:41:12,385 [INFO]     Size: 3777 characters
2026-06-16 09:41:12,386 [INFO]   Processing: hdfc_elss_tax_saver_fund_direct_plan_growth.html
2026-06-16 09:41:12,386 [INFO]     Saved: hdfc_elss_tax_saver_fund_direct_plan_growth.json
2026-06-16 09:41:12,386 [INFO]     Size: 4593 characters
2026-06-16 09:41:12,386 [INFO]   
2026-06-16 09:41:12,386 [INFO]   ============================================================
2026-06-16 09:41:12,386 [INFO]   Processing Complete
2026-06-16 09:41:12,386 [INFO]   ============================================================
2026-06-16 09:41:12,386 [INFO]   Total files processed: 5
2026-06-16 09:41:12,386 [INFO]   Total original size: 1,929,194 characters
2026-06-16 09:41:12,386 [INFO]   Total cleaned size: 22,517 characters
2026-06-16 09:41:12,386 [INFO]   Reduction: 98.8%
2026-06-16 09:41:12,386 [INFO]   
2026-06-16 09:41:12,386 [INFO]   Extracted JSON files saved to: /home/runner/work/m2-mutualFunds-RAGchatbot/m2-mutualFunds-RAGchatbot/phase_2/scraped-data/extracted_json
2026-06-16 09:41:12,386 [INFO] ============================================================
2026-06-16 09:41:12,386 [INFO] STEP 3/4: Document Chunking
2026-06-16 09:41:12,386 [INFO] ============================================================
2026-06-16 09:41:12,386 [INFO] --- Starting: Chunking ---
2026-06-16 09:41:12,446 [INFO] Chunking completed in 0.06s
2026-06-16 09:41:12,446 [INFO]     Saved: hdfc_equity_fund_direct_growth_chunked.json
2026-06-16 09:41:12,446 [INFO]     Chunks: 7
2026-06-16 09:41:12,446 [INFO]     Valid chunks: 1
2026-06-16 09:41:12,446 [INFO]     Avg quality: 0.83
2026-06-16 09:41:12,446 [INFO]   
2026-06-16 09:41:12,446 [INFO]   ============================================================
2026-06-16 09:41:12,446 [INFO]   Processing Complete
2026-06-16 09:41:12,446 [INFO]   ============================================================
2026-06-16 09:41:12,446 [INFO]   Total files processed: 5
2026-06-16 09:41:12,446 [INFO]   Total chunks generated: 29
2026-06-16 09:41:12,446 [INFO]   Valid chunks: 1
2026-06-16 09:41:12,446 [INFO]   Invalid chunks: 28
2026-06-16 09:41:12,446 [INFO]   Average quality score: 0.81
2026-06-16 09:41:12,446 [INFO]   
2026-06-16 09:41:12,447 [INFO]   Chunked JSON files saved to: /home/runner/work/m2-mutualFunds-RAGchatbot/m2-mutualFunds-RAGchatbot/phase_2/scraped-data/chunked_json
2026-06-16 09:41:12,447 [INFO] ============================================================
2026-06-16 09:41:12,447 [INFO] STEP 4/4: Embedding Generation
2026-06-16 09:41:12,447 [INFO] ============================================================
2026-06-16 09:41:12,447 [INFO] --- Starting: Embedding ---
2026-06-16 09:41:13,915 [INFO] Embedding completed in 1.47s
2026-06-16 09:41:13,915 [INFO]   Processing: hdfc_mid_cap_fund_direct_growth_chunked.json
2026-06-16 09:41:13,916 [INFO]     Chunks processed: 7
2026-06-16 09:41:13,916 [INFO]     Embedding dim: 384
2026-06-16 09:41:13,916 [INFO]   Processing: hdfc_equity_fund_direct_growth_chunked.json
2026-06-16 09:41:13,916 [INFO]     Chunks processed: 7
2026-06-16 09:41:13,916 [INFO]     Embedding dim: 384
2026-06-16 09:41:13,916 [INFO]   
2026-06-16 09:41:13,916 [INFO]   ============================================================
2026-06-16 09:41:13,916 [INFO]   Processing Complete
2026-06-16 09:41:13,916 [INFO]   ============================================================
2026-06-16 09:41:13,916 [INFO]   Files processed: 5
2026-06-16 09:41:13,916 [INFO]   Total chunks indexed: 29
2026-06-16 09:41:13,916 [INFO]   Total vectors in DB: 29
2026-06-16 09:41:13,916 [INFO]   
2026-06-16 09:41:13,916 [INFO]   Vector database saved to: /home/runner/work/m2-mutualFunds-RAGchatbot/m2-mutualFunds-RAGchatbot/phase_3/vector_db
2026-06-16 09:41:13,917 [INFO] Report saved to /home/runner/work/m2-mutualFunds-RAGchatbot/m2-mutualFunds-RAGchatbot/logs/scheduler_report.json
2026-06-16 09:41:13,917 [INFO] ============================================================
2026-06-16 09:41:13,917 [INFO] ALL STEPS COMPLETE
2026-06-16 09:41:13,917 [INFO] ============================================================
