2026-07-12 07:08:46,122 [INFO] ============================================================
2026-07-12 07:08:46,122 [INFO] STEP 1/4: Web Scraping
2026-07-12 07:08:46,122 [INFO] ============================================================
2026-07-12 07:08:46,122 [INFO] --- Starting: Scraper ---
2026-07-12 07:08:48,881 [INFO] Scraper completed in 2.76s
2026-07-12 07:08:48,881 [INFO]   Total URLs: 5
2026-07-12 07:08:48,881 [INFO]   Successful: 5
2026-07-12 07:08:48,881 [INFO]   Failed: 0
2026-07-12 07:08:48,881 [INFO]   From Cache: 0
2026-07-12 07:08:48,881 [INFO]   ==================================================
2026-07-12 07:08:48,882 [INFO]   ✓ https://groww.in/mutual-funds/hdfc-mid-cap-fund-direct-growth
2026-07-12 07:08:48,882 [INFO]     Text length: 18857 characters
2026-07-12 07:08:48,882 [INFO]   ✓ https://groww.in/mutual-funds/hdfc-equity-fund-direct-growth
2026-07-12 07:08:48,882 [INFO]     Text length: 19046 characters
2026-07-12 07:08:48,882 [INFO]   ✓ https://groww.in/mutual-funds/hdfc-focused-fund-direct-growth
2026-07-12 07:08:48,882 [INFO]     Text length: 17053 characters
2026-07-12 07:08:48,882 [INFO]   ✓ https://groww.in/mutual-funds/hdfc-elss-tax-saver-fund-direct-plan-growth
2026-07-12 07:08:48,882 [INFO]     Text length: 18068 characters
2026-07-12 07:08:48,882 [INFO]   ✓ https://groww.in/mutual-funds/hdfc-large-cap-fund-direct-growth
2026-07-12 07:08:48,882 [INFO]     Text length: 17540 characters
2026-07-12 07:08:48,882 [INFO] ============================================================
2026-07-12 07:08:48,882 [INFO] STEP 2/4: Content Extraction
2026-07-12 07:08:48,882 [INFO] ============================================================
2026-07-12 07:08:48,882 [INFO] --- Starting: Content Extraction ---
2026-07-12 07:08:49,228 [INFO] Content Extraction completed in 0.35s
2026-07-12 07:08:49,228 [INFO]     Saved: hdfc_large_cap_fund_direct_growth.json
2026-07-12 07:08:49,228 [INFO]     Size: 3786 characters
2026-07-12 07:08:49,228 [INFO]   Processing: hdfc_elss_tax_saver_fund_direct_plan_growth.html
2026-07-12 07:08:49,228 [INFO]     Saved: hdfc_elss_tax_saver_fund_direct_plan_growth.json
2026-07-12 07:08:49,228 [INFO]     Size: 4708 characters
2026-07-12 07:08:49,228 [INFO]   
2026-07-12 07:08:49,228 [INFO]   ============================================================
2026-07-12 07:08:49,228 [INFO]   Processing Complete
2026-07-12 07:08:49,228 [INFO]   ============================================================
2026-07-12 07:08:49,228 [INFO]   Total files processed: 5
2026-07-12 07:08:49,228 [INFO]   Total original size: 1,944,212 characters
2026-07-12 07:08:49,228 [INFO]   Total cleaned size: 22,833 characters
2026-07-12 07:08:49,228 [INFO]   Reduction: 98.8%
2026-07-12 07:08:49,228 [INFO]   
2026-07-12 07:08:49,228 [INFO]   Extracted JSON files saved to: /home/runner/work/m2-mutualFunds-RAGchatbot/m2-mutualFunds-RAGchatbot/phase_2/scraped-data/extracted_json
2026-07-12 07:08:49,228 [INFO] ============================================================
2026-07-12 07:08:49,228 [INFO] STEP 3/4: Document Chunking
2026-07-12 07:08:49,228 [INFO] ============================================================
2026-07-12 07:08:49,228 [INFO] --- Starting: Chunking ---
2026-07-12 07:08:49,269 [INFO] Chunking completed in 0.04s
2026-07-12 07:08:49,270 [INFO]     Saved: hdfc_equity_fund_direct_growth_chunked.json
2026-07-12 07:08:49,270 [INFO]     Chunks: 7
2026-07-12 07:08:49,270 [INFO]     Valid chunks: 1
2026-07-12 07:08:49,270 [INFO]     Avg quality: 0.83
2026-07-12 07:08:49,270 [INFO]   
2026-07-12 07:08:49,270 [INFO]   ============================================================
2026-07-12 07:08:49,270 [INFO]   Processing Complete
2026-07-12 07:08:49,270 [INFO]   ============================================================
2026-07-12 07:08:49,270 [INFO]   Total files processed: 5
2026-07-12 07:08:49,270 [INFO]   Total chunks generated: 28
2026-07-12 07:08:49,270 [INFO]   Valid chunks: 1
2026-07-12 07:08:49,270 [INFO]   Invalid chunks: 27
2026-07-12 07:08:49,270 [INFO]   Average quality score: 0.81
2026-07-12 07:08:49,270 [INFO]   
2026-07-12 07:08:49,270 [INFO]   Chunked JSON files saved to: /home/runner/work/m2-mutualFunds-RAGchatbot/m2-mutualFunds-RAGchatbot/phase_2/scraped-data/chunked_json
2026-07-12 07:08:49,270 [INFO] ============================================================
2026-07-12 07:08:49,270 [INFO] STEP 4/4: Embedding Generation
2026-07-12 07:08:49,270 [INFO] ============================================================
2026-07-12 07:08:49,270 [INFO] --- Starting: Embedding ---
2026-07-12 07:08:50,647 [INFO] Embedding completed in 1.38s
2026-07-12 07:08:50,647 [INFO]   Processing: hdfc_mid_cap_fund_direct_growth_chunked.json
2026-07-12 07:08:50,648 [INFO]     Chunks processed: 7
2026-07-12 07:08:50,648 [INFO]     Embedding dim: 384
2026-07-12 07:08:50,648 [INFO]   Processing: hdfc_equity_fund_direct_growth_chunked.json
2026-07-12 07:08:50,648 [INFO]     Chunks processed: 7
2026-07-12 07:08:50,648 [INFO]     Embedding dim: 384
2026-07-12 07:08:50,648 [INFO]   
2026-07-12 07:08:50,648 [INFO]   ============================================================
2026-07-12 07:08:50,648 [INFO]   Processing Complete
2026-07-12 07:08:50,648 [INFO]   ============================================================
2026-07-12 07:08:50,648 [INFO]   Files processed: 5
2026-07-12 07:08:50,648 [INFO]   Total chunks indexed: 28
2026-07-12 07:08:50,648 [INFO]   Total vectors in DB: 29
2026-07-12 07:08:50,648 [INFO]   
2026-07-12 07:08:50,648 [INFO]   Vector database saved to: /home/runner/work/m2-mutualFunds-RAGchatbot/m2-mutualFunds-RAGchatbot/phase_3/vector_db
2026-07-12 07:08:50,648 [INFO] Report saved to /home/runner/work/m2-mutualFunds-RAGchatbot/m2-mutualFunds-RAGchatbot/logs/scheduler_report.json
2026-07-12 07:08:50,648 [INFO] ============================================================
2026-07-12 07:08:50,648 [INFO] ALL STEPS COMPLETE
2026-07-12 07:08:50,648 [INFO] ============================================================
