2026-05-31 07:58:38,023 [INFO] ============================================================
2026-05-31 07:58:38,023 [INFO] STEP 1/4: Web Scraping
2026-05-31 07:58:38,023 [INFO] ============================================================
2026-05-31 07:58:38,023 [INFO] --- Starting: Scraper ---
2026-05-31 07:58:40,959 [INFO] Scraper completed in 2.93s
2026-05-31 07:58:40,959 [INFO]   Total URLs: 5
2026-05-31 07:58:40,959 [INFO]   Successful: 5
2026-05-31 07:58:40,959 [INFO]   Failed: 0
2026-05-31 07:58:40,959 [INFO]   From Cache: 0
2026-05-31 07:58:40,959 [INFO]   ==================================================
2026-05-31 07:58:40,959 [INFO]   ✓ https://groww.in/mutual-funds/hdfc-mid-cap-fund-direct-growth
2026-05-31 07:58:40,959 [INFO]     Text length: 18767 characters
2026-05-31 07:58:40,959 [INFO]   ✓ https://groww.in/mutual-funds/hdfc-equity-fund-direct-growth
2026-05-31 07:58:40,959 [INFO]     Text length: 18259 characters
2026-05-31 07:58:40,959 [INFO]   ✓ https://groww.in/mutual-funds/hdfc-focused-fund-direct-growth
2026-05-31 07:58:40,959 [INFO]     Text length: 16805 characters
2026-05-31 07:58:40,959 [INFO]   ✓ https://groww.in/mutual-funds/hdfc-elss-tax-saver-fund-direct-plan-growth
2026-05-31 07:58:40,959 [INFO]     Text length: 17712 characters
2026-05-31 07:58:40,959 [INFO]   ✓ https://groww.in/mutual-funds/hdfc-large-cap-fund-direct-growth
2026-05-31 07:58:40,960 [INFO]     Text length: 17354 characters
2026-05-31 07:58:40,960 [INFO] ============================================================
2026-05-31 07:58:40,960 [INFO] STEP 2/4: Content Extraction
2026-05-31 07:58:40,960 [INFO] ============================================================
2026-05-31 07:58:40,960 [INFO] --- Starting: Content Extraction ---
2026-05-31 07:58:41,488 [INFO] Content Extraction completed in 0.53s
2026-05-31 07:58:41,489 [INFO]     Saved: hdfc_large_cap_fund_direct_growth.json
2026-05-31 07:58:41,489 [INFO]     Size: 3359 characters
2026-05-31 07:58:41,489 [INFO]   Processing: hdfc_equity_fund_direct_growth.html
2026-05-31 07:58:41,489 [INFO]     Saved: hdfc_equity_fund_direct_growth.json
2026-05-31 07:58:41,489 [INFO]     Size: 3955 characters
2026-05-31 07:58:41,489 [INFO]   
2026-05-31 07:58:41,489 [INFO]   ============================================================
2026-05-31 07:58:41,489 [INFO]   Processing Complete
2026-05-31 07:58:41,489 [INFO]   ============================================================
2026-05-31 07:58:41,489 [INFO]   Total files processed: 5
2026-05-31 07:58:41,489 [INFO]   Total original size: 1,912,341 characters
2026-05-31 07:58:41,489 [INFO]   Total cleaned size: 18,069 characters
2026-05-31 07:58:41,489 [INFO]   Reduction: 99.1%
2026-05-31 07:58:41,489 [INFO]   
2026-05-31 07:58:41,489 [INFO]   Extracted JSON files saved to: /home/runner/work/m2-mutualFunds-RAGchatbot/m2-mutualFunds-RAGchatbot/phase_2/scraped-data/extracted_json
2026-05-31 07:58:41,489 [INFO] ============================================================
2026-05-31 07:58:41,489 [INFO] STEP 3/4: Document Chunking
2026-05-31 07:58:41,489 [INFO] ============================================================
2026-05-31 07:58:41,489 [INFO] --- Starting: Chunking ---
2026-05-31 07:58:41,541 [INFO] Chunking completed in 0.05s
2026-05-31 07:58:41,541 [INFO]     Saved: hdfc_focused_fund_direct_growth_chunked.json
2026-05-31 07:58:41,542 [INFO]     Chunks: 3
2026-05-31 07:58:41,542 [INFO]     Valid chunks: 0
2026-05-31 07:58:41,542 [INFO]     Avg quality: 0.80
2026-05-31 07:58:41,542 [INFO]   
2026-05-31 07:58:41,542 [INFO]   ============================================================
2026-05-31 07:58:41,542 [INFO]   Processing Complete
2026-05-31 07:58:41,542 [INFO]   ============================================================
2026-05-31 07:58:41,542 [INFO]   Total files processed: 5
2026-05-31 07:58:41,542 [INFO]   Total chunks generated: 21
2026-05-31 07:58:41,542 [INFO]   Valid chunks: 2
2026-05-31 07:58:41,542 [INFO]   Invalid chunks: 19
2026-05-31 07:58:41,542 [INFO]   Average quality score: 0.82
2026-05-31 07:58:41,542 [INFO]   
2026-05-31 07:58:41,542 [INFO]   Chunked JSON files saved to: /home/runner/work/m2-mutualFunds-RAGchatbot/m2-mutualFunds-RAGchatbot/phase_2/scraped-data/chunked_json
2026-05-31 07:58:41,542 [INFO] ============================================================
2026-05-31 07:58:41,542 [INFO] STEP 4/4: Embedding Generation
2026-05-31 07:58:41,542 [INFO] ============================================================
2026-05-31 07:58:41,542 [INFO] --- Starting: Embedding ---
2026-05-31 07:58:43,002 [INFO] Embedding completed in 1.46s
2026-05-31 07:58:43,003 [INFO]   Processing: hdfc_focused_fund_direct_growth_chunked.json
2026-05-31 07:58:43,003 [INFO]     Chunks processed: 3
2026-05-31 07:58:43,003 [INFO]     Embedding dim: 384
2026-05-31 07:58:43,003 [INFO]   Processing: hdfc_equity_fund_direct_growth_chunked.json
2026-05-31 07:58:43,003 [INFO]     Chunks processed: 5
2026-05-31 07:58:43,003 [INFO]     Embedding dim: 384
2026-05-31 07:58:43,003 [INFO]   
2026-05-31 07:58:43,003 [INFO]   ============================================================
2026-05-31 07:58:43,003 [INFO]   Processing Complete
2026-05-31 07:58:43,003 [INFO]   ============================================================
2026-05-31 07:58:43,003 [INFO]   Files processed: 5
2026-05-31 07:58:43,003 [INFO]   Total chunks indexed: 21
2026-05-31 07:58:43,003 [INFO]   Total vectors in DB: 21
2026-05-31 07:58:43,003 [INFO]   
2026-05-31 07:58:43,003 [INFO]   Vector database saved to: /home/runner/work/m2-mutualFunds-RAGchatbot/m2-mutualFunds-RAGchatbot/phase_3/vector_db
2026-05-31 07:58:43,004 [INFO] Report saved to /home/runner/work/m2-mutualFunds-RAGchatbot/m2-mutualFunds-RAGchatbot/logs/scheduler_report.json
2026-05-31 07:58:43,004 [INFO] ============================================================
2026-05-31 07:58:43,004 [INFO] ALL STEPS COMPLETE
2026-05-31 07:58:43,004 [INFO] ============================================================
