2026-06-05 08:31:39,135 [INFO] ============================================================
2026-06-05 08:31:39,135 [INFO] STEP 1/4: Web Scraping
2026-06-05 08:31:39,135 [INFO] ============================================================
2026-06-05 08:31:39,135 [INFO] --- Starting: Scraper ---
2026-06-05 08:31:42,220 [INFO] Scraper completed in 3.08s
2026-06-05 08:31:42,220 [INFO]   Total URLs: 5
2026-06-05 08:31:42,220 [INFO]   Successful: 5
2026-06-05 08:31:42,220 [INFO]   Failed: 0
2026-06-05 08:31:42,220 [INFO]   From Cache: 0
2026-06-05 08:31:42,220 [INFO]   ==================================================
2026-06-05 08:31:42,220 [INFO]   ✓ https://groww.in/mutual-funds/hdfc-mid-cap-fund-direct-growth
2026-06-05 08:31:42,220 [INFO]     Text length: 18766 characters
2026-06-05 08:31:42,220 [INFO]   ✓ https://groww.in/mutual-funds/hdfc-equity-fund-direct-growth
2026-06-05 08:31:42,220 [INFO]     Text length: 18255 characters
2026-06-05 08:31:42,220 [INFO]   ✓ https://groww.in/mutual-funds/hdfc-focused-fund-direct-growth
2026-06-05 08:31:42,220 [INFO]     Text length: 16800 characters
2026-06-05 08:31:42,220 [INFO]   ✓ https://groww.in/mutual-funds/hdfc-elss-tax-saver-fund-direct-plan-growth
2026-06-05 08:31:42,220 [INFO]     Text length: 17711 characters
2026-06-05 08:31:42,220 [INFO]   ✓ https://groww.in/mutual-funds/hdfc-large-cap-fund-direct-growth
2026-06-05 08:31:42,220 [INFO]     Text length: 17541 characters
2026-06-05 08:31:42,221 [INFO] ============================================================
2026-06-05 08:31:42,221 [INFO] STEP 2/4: Content Extraction
2026-06-05 08:31:42,221 [INFO] ============================================================
2026-06-05 08:31:42,221 [INFO] --- Starting: Content Extraction ---
2026-06-05 08:31:42,856 [INFO] Content Extraction completed in 0.64s
2026-06-05 08:31:42,857 [INFO]     Saved: hdfc_large_cap_fund_direct_growth.json
2026-06-05 08:31:42,857 [INFO]     Size: 3788 characters
2026-06-05 08:31:42,857 [INFO]   Processing: hdfc_equity_fund_direct_growth.html
2026-06-05 08:31:42,857 [INFO]     Saved: hdfc_equity_fund_direct_growth.json
2026-06-05 08:31:42,857 [INFO]     Size: 3952 characters
2026-06-05 08:31:42,857 [INFO]   
2026-06-05 08:31:42,857 [INFO]   ============================================================
2026-06-05 08:31:42,857 [INFO]   Processing Complete
2026-06-05 08:31:42,857 [INFO]   ============================================================
2026-06-05 08:31:42,857 [INFO]   Total files processed: 5
2026-06-05 08:31:42,857 [INFO]   Total original size: 1,914,709 characters
2026-06-05 08:31:42,857 [INFO]   Total cleaned size: 18,491 characters
2026-06-05 08:31:42,857 [INFO]   Reduction: 99.0%
2026-06-05 08:31:42,857 [INFO]   
2026-06-05 08:31:42,857 [INFO]   Extracted JSON files saved to: /home/runner/work/m2-mutualFunds-RAGchatbot/m2-mutualFunds-RAGchatbot/phase_2/scraped-data/extracted_json
2026-06-05 08:31:42,857 [INFO] ============================================================
2026-06-05 08:31:42,857 [INFO] STEP 3/4: Document Chunking
2026-06-05 08:31:42,857 [INFO] ============================================================
2026-06-05 08:31:42,857 [INFO] --- Starting: Chunking ---
2026-06-05 08:31:42,921 [INFO] Chunking completed in 0.06s
2026-06-05 08:31:42,921 [INFO]     Saved: hdfc_focused_fund_direct_growth_chunked.json
2026-06-05 08:31:42,921 [INFO]     Chunks: 3
2026-06-05 08:31:42,921 [INFO]     Valid chunks: 0
2026-06-05 08:31:42,921 [INFO]     Avg quality: 0.80
2026-06-05 08:31:42,921 [INFO]   
2026-06-05 08:31:42,921 [INFO]   ============================================================
2026-06-05 08:31:42,921 [INFO]   Processing Complete
2026-06-05 08:31:42,921 [INFO]   ============================================================
2026-06-05 08:31:42,921 [INFO]   Total files processed: 5
2026-06-05 08:31:42,921 [INFO]   Total chunks generated: 22
2026-06-05 08:31:42,921 [INFO]   Valid chunks: 2
2026-06-05 08:31:42,921 [INFO]   Invalid chunks: 20
2026-06-05 08:31:42,922 [INFO]   Average quality score: 0.82
2026-06-05 08:31:42,922 [INFO]   
2026-06-05 08:31:42,922 [INFO]   Chunked JSON files saved to: /home/runner/work/m2-mutualFunds-RAGchatbot/m2-mutualFunds-RAGchatbot/phase_2/scraped-data/chunked_json
2026-06-05 08:31:42,922 [INFO] ============================================================
2026-06-05 08:31:42,922 [INFO] STEP 4/4: Embedding Generation
2026-06-05 08:31:42,922 [INFO] ============================================================
2026-06-05 08:31:42,922 [INFO] --- Starting: Embedding ---
2026-06-05 08:31:44,531 [INFO] Embedding completed in 1.61s
2026-06-05 08:31:44,531 [INFO]   Processing: hdfc_focused_fund_direct_growth_chunked.json
2026-06-05 08:31:44,531 [INFO]     Chunks processed: 3
2026-06-05 08:31:44,531 [INFO]     Embedding dim: 384
2026-06-05 08:31:44,531 [INFO]   Processing: hdfc_equity_fund_direct_growth_chunked.json
2026-06-05 08:31:44,531 [INFO]     Chunks processed: 5
2026-06-05 08:31:44,531 [INFO]     Embedding dim: 384
2026-06-05 08:31:44,531 [INFO]   
2026-06-05 08:31:44,531 [INFO]   ============================================================
2026-06-05 08:31:44,531 [INFO]   Processing Complete
2026-06-05 08:31:44,531 [INFO]   ============================================================
2026-06-05 08:31:44,531 [INFO]   Files processed: 5
2026-06-05 08:31:44,531 [INFO]   Total chunks indexed: 22
2026-06-05 08:31:44,531 [INFO]   Total vectors in DB: 22
2026-06-05 08:31:44,531 [INFO]   
2026-06-05 08:31:44,531 [INFO]   Vector database saved to: /home/runner/work/m2-mutualFunds-RAGchatbot/m2-mutualFunds-RAGchatbot/phase_3/vector_db
2026-06-05 08:31:44,532 [INFO] Report saved to /home/runner/work/m2-mutualFunds-RAGchatbot/m2-mutualFunds-RAGchatbot/logs/scheduler_report.json
2026-06-05 08:31:44,532 [INFO] ============================================================
2026-06-05 08:31:44,532 [INFO] ALL STEPS COMPLETE
2026-06-05 08:31:44,532 [INFO] ============================================================
