2026-06-12 08:47:29,223 [INFO] ============================================================
2026-06-12 08:47:29,223 [INFO] STEP 1/4: Web Scraping
2026-06-12 08:47:29,223 [INFO] ============================================================
2026-06-12 08:47:29,223 [INFO] --- Starting: Scraper ---
2026-06-12 08:47:31,196 [INFO] Scraper completed in 1.97s
2026-06-12 08:47:31,196 [INFO]   Total URLs: 5
2026-06-12 08:47:31,196 [INFO]   Successful: 5
2026-06-12 08:47:31,196 [INFO]   Failed: 0
2026-06-12 08:47:31,196 [INFO]   From Cache: 5
2026-06-12 08:47:31,196 [INFO]   ==================================================
2026-06-12 08:47:31,196 [INFO]   ✓ https://groww.in/mutual-funds/hdfc-mid-cap-fund-direct-growth
2026-06-12 08:47:31,196 [INFO]     Text length: 18898 characters
2026-06-12 08:47:31,197 [INFO]   ✓ https://groww.in/mutual-funds/hdfc-equity-fund-direct-growth
2026-06-12 08:47:31,197 [INFO]     Text length: 18619 characters
2026-06-12 08:47:31,197 [INFO]   ✓ https://groww.in/mutual-funds/hdfc-focused-fund-direct-growth
2026-06-12 08:47:31,197 [INFO]     Text length: 17053 characters
2026-06-12 08:47:31,197 [INFO]   ✓ https://groww.in/mutual-funds/hdfc-elss-tax-saver-fund-direct-plan-growth
2026-06-12 08:47:31,197 [INFO]     Text length: 17924 characters
2026-06-12 08:47:31,197 [INFO]   ✓ https://groww.in/mutual-funds/hdfc-large-cap-fund-direct-growth
2026-06-12 08:47:31,197 [INFO]     Text length: 17543 characters
2026-06-12 08:47:31,197 [INFO] ============================================================
2026-06-12 08:47:31,197 [INFO] STEP 2/4: Content Extraction
2026-06-12 08:47:31,197 [INFO] ============================================================
2026-06-12 08:47:31,197 [INFO] --- Starting: Content Extraction ---
2026-06-12 08:47:31,730 [INFO] Content Extraction completed in 0.53s
2026-06-12 08:47:31,730 [INFO]     Saved: hdfc_large_cap_fund_direct_growth.json
2026-06-12 08:47:31,730 [INFO]     Size: 3789 characters
2026-06-12 08:47:31,730 [INFO]   Processing: hdfc_elss_tax_saver_fund_direct_plan_growth.html
2026-06-12 08:47:31,730 [INFO]     Saved: hdfc_elss_tax_saver_fund_direct_plan_growth.json
2026-06-12 08:47:31,730 [INFO]     Size: 4548 characters
2026-06-12 08:47:31,730 [INFO]   
2026-06-12 08:47:31,730 [INFO]   ============================================================
2026-06-12 08:47:31,730 [INFO]   Processing Complete
2026-06-12 08:47:31,730 [INFO]   ============================================================
2026-06-12 08:47:31,731 [INFO]   Total files processed: 5
2026-06-12 08:47:31,731 [INFO]   Total original size: 1,918,971 characters
2026-06-12 08:47:31,731 [INFO]   Total cleaned size: 22,261 characters
2026-06-12 08:47:31,731 [INFO]   Reduction: 98.8%
2026-06-12 08:47:31,731 [INFO]   
2026-06-12 08:47:31,731 [INFO]   Extracted JSON files saved to: /home/runner/work/m2-mutualFunds-RAGchatbot/m2-mutualFunds-RAGchatbot/phase_2/scraped-data/extracted_json
2026-06-12 08:47:31,731 [INFO] ============================================================
2026-06-12 08:47:31,731 [INFO] STEP 3/4: Document Chunking
2026-06-12 08:47:31,731 [INFO] ============================================================
2026-06-12 08:47:31,731 [INFO] --- Starting: Chunking ---
2026-06-12 08:47:31,787 [INFO] Chunking completed in 0.06s
2026-06-12 08:47:31,787 [INFO]     Saved: hdfc_equity_fund_direct_growth_chunked.json
2026-06-12 08:47:31,787 [INFO]     Chunks: 6
2026-06-12 08:47:31,787 [INFO]     Valid chunks: 1
2026-06-12 08:47:31,787 [INFO]     Avg quality: 0.83
2026-06-12 08:47:31,787 [INFO]   
2026-06-12 08:47:31,787 [INFO]   ============================================================
2026-06-12 08:47:31,787 [INFO]   Processing Complete
2026-06-12 08:47:31,787 [INFO]   ============================================================
2026-06-12 08:47:31,787 [INFO]   Total files processed: 5
2026-06-12 08:47:31,787 [INFO]   Total chunks generated: 28
2026-06-12 08:47:31,787 [INFO]   Valid chunks: 1
2026-06-12 08:47:31,788 [INFO]   Invalid chunks: 27
2026-06-12 08:47:31,788 [INFO]   Average quality score: 0.81
2026-06-12 08:47:31,788 [INFO]   
2026-06-12 08:47:31,788 [INFO]   Chunked JSON files saved to: /home/runner/work/m2-mutualFunds-RAGchatbot/m2-mutualFunds-RAGchatbot/phase_2/scraped-data/chunked_json
2026-06-12 08:47:31,788 [INFO] ============================================================
2026-06-12 08:47:31,788 [INFO] STEP 4/4: Embedding Generation
2026-06-12 08:47:31,788 [INFO] ============================================================
2026-06-12 08:47:31,788 [INFO] --- Starting: Embedding ---
2026-06-12 08:47:33,173 [INFO] Embedding completed in 1.38s
2026-06-12 08:47:33,173 [INFO]   Processing: hdfc_mid_cap_fund_direct_growth_chunked.json
2026-06-12 08:47:33,173 [INFO]     Chunks processed: 7
2026-06-12 08:47:33,173 [INFO]     Embedding dim: 384
2026-06-12 08:47:33,173 [INFO]   Processing: hdfc_equity_fund_direct_growth_chunked.json
2026-06-12 08:47:33,173 [INFO]     Chunks processed: 6
2026-06-12 08:47:33,173 [INFO]     Embedding dim: 384
2026-06-12 08:47:33,173 [INFO]   
2026-06-12 08:47:33,173 [INFO]   ============================================================
2026-06-12 08:47:33,173 [INFO]   Processing Complete
2026-06-12 08:47:33,173 [INFO]   ============================================================
2026-06-12 08:47:33,173 [INFO]   Files processed: 5
2026-06-12 08:47:33,173 [INFO]   Total chunks indexed: 28
2026-06-12 08:47:33,174 [INFO]   Total vectors in DB: 28
2026-06-12 08:47:33,174 [INFO]   
2026-06-12 08:47:33,174 [INFO]   Vector database saved to: /home/runner/work/m2-mutualFunds-RAGchatbot/m2-mutualFunds-RAGchatbot/phase_3/vector_db
2026-06-12 08:47:33,174 [INFO] Report saved to /home/runner/work/m2-mutualFunds-RAGchatbot/m2-mutualFunds-RAGchatbot/logs/scheduler_report.json
2026-06-12 08:47:33,174 [INFO] ============================================================
2026-06-12 08:47:33,174 [INFO] ALL STEPS COMPLETE
2026-06-12 08:47:33,174 [INFO] ============================================================
