2026-07-09 08:00:25,303 [INFO] ============================================================
2026-07-09 08:00:25,303 [INFO] STEP 1/4: Web Scraping
2026-07-09 08:00:25,304 [INFO] ============================================================
2026-07-09 08:00:25,304 [INFO] --- Starting: Scraper ---
2026-07-09 08:00:28,992 [INFO] Scraper completed in 3.69s
2026-07-09 08:00:28,992 [INFO]   Total URLs: 5
2026-07-09 08:00:28,992 [INFO]   Successful: 5
2026-07-09 08:00:28,992 [INFO]   Failed: 0
2026-07-09 08:00:28,992 [INFO]   From Cache: 0
2026-07-09 08:00:28,992 [INFO]   ==================================================
2026-07-09 08:00:28,992 [INFO]   ✓ https://groww.in/mutual-funds/hdfc-mid-cap-fund-direct-growth
2026-07-09 08:00:28,992 [INFO]     Text length: 18854 characters
2026-07-09 08:00:28,992 [INFO]   ✓ https://groww.in/mutual-funds/hdfc-equity-fund-direct-growth
2026-07-09 08:00:28,992 [INFO]     Text length: 18879 characters
2026-07-09 08:00:28,992 [INFO]   ✓ https://groww.in/mutual-funds/hdfc-focused-fund-direct-growth
2026-07-09 08:00:28,993 [INFO]     Text length: 17056 characters
2026-07-09 08:00:28,993 [INFO]   ✓ https://groww.in/mutual-funds/hdfc-elss-tax-saver-fund-direct-plan-growth
2026-07-09 08:00:28,993 [INFO]     Text length: 17964 characters
2026-07-09 08:00:28,993 [INFO]   ✓ https://groww.in/mutual-funds/hdfc-large-cap-fund-direct-growth
2026-07-09 08:00:28,993 [INFO]     Text length: 17531 characters
2026-07-09 08:00:28,993 [INFO] ============================================================
2026-07-09 08:00:28,993 [INFO] STEP 2/4: Content Extraction
2026-07-09 08:00:28,993 [INFO] ============================================================
2026-07-09 08:00:28,993 [INFO] --- Starting: Content Extraction ---
2026-07-09 08:00:29,497 [INFO] Content Extraction completed in 0.5s
2026-07-09 08:00:29,497 [INFO]     Saved: hdfc_large_cap_fund_direct_growth.json
2026-07-09 08:00:29,497 [INFO]     Size: 3777 characters
2026-07-09 08:00:29,497 [INFO]   Processing: hdfc_elss_tax_saver_fund_direct_plan_growth.html
2026-07-09 08:00:29,497 [INFO]     Saved: hdfc_elss_tax_saver_fund_direct_plan_growth.json
2026-07-09 08:00:29,497 [INFO]     Size: 4593 characters
2026-07-09 08:00:29,498 [INFO]   
2026-07-09 08:00:29,498 [INFO]   ============================================================
2026-07-09 08:00:29,498 [INFO]   Processing Complete
2026-07-09 08:00:29,498 [INFO]   ============================================================
2026-07-09 08:00:29,498 [INFO]   Total files processed: 5
2026-07-09 08:00:29,498 [INFO]   Total original size: 1,938,902 characters
2026-07-09 08:00:29,498 [INFO]   Total cleaned size: 22,526 characters
2026-07-09 08:00:29,498 [INFO]   Reduction: 98.8%
2026-07-09 08:00:29,498 [INFO]   
2026-07-09 08:00:29,498 [INFO]   Extracted JSON files saved to: /home/runner/work/m2-mutualFunds-RAGchatbot/m2-mutualFunds-RAGchatbot/phase_2/scraped-data/extracted_json
2026-07-09 08:00:29,498 [INFO] ============================================================
2026-07-09 08:00:29,498 [INFO] STEP 3/4: Document Chunking
2026-07-09 08:00:29,498 [INFO] ============================================================
2026-07-09 08:00:29,498 [INFO] --- Starting: Chunking ---
2026-07-09 08:00:29,553 [INFO] Chunking completed in 0.05s
2026-07-09 08:00:29,553 [INFO]     Saved: hdfc_equity_fund_direct_growth_chunked.json
2026-07-09 08:00:29,553 [INFO]     Chunks: 7
2026-07-09 08:00:29,553 [INFO]     Valid chunks: 1
2026-07-09 08:00:29,553 [INFO]     Avg quality: 0.83
2026-07-09 08:00:29,553 [INFO]   
2026-07-09 08:00:29,553 [INFO]   ============================================================
2026-07-09 08:00:29,553 [INFO]   Processing Complete
2026-07-09 08:00:29,553 [INFO]   ============================================================
2026-07-09 08:00:29,553 [INFO]   Total files processed: 5
2026-07-09 08:00:29,553 [INFO]   Total chunks generated: 29
2026-07-09 08:00:29,553 [INFO]   Valid chunks: 1
2026-07-09 08:00:29,553 [INFO]   Invalid chunks: 28
2026-07-09 08:00:29,553 [INFO]   Average quality score: 0.81
2026-07-09 08:00:29,553 [INFO]   
2026-07-09 08:00:29,553 [INFO]   Chunked JSON files saved to: /home/runner/work/m2-mutualFunds-RAGchatbot/m2-mutualFunds-RAGchatbot/phase_2/scraped-data/chunked_json
2026-07-09 08:00:29,553 [INFO] ============================================================
2026-07-09 08:00:29,553 [INFO] STEP 4/4: Embedding Generation
2026-07-09 08:00:29,554 [INFO] ============================================================
2026-07-09 08:00:29,554 [INFO] --- Starting: Embedding ---
2026-07-09 08:00:31,697 [INFO] Embedding completed in 2.14s
2026-07-09 08:00:31,697 [INFO]   Processing: hdfc_mid_cap_fund_direct_growth_chunked.json
2026-07-09 08:00:31,697 [INFO]     Chunks processed: 7
2026-07-09 08:00:31,697 [INFO]     Embedding dim: 384
2026-07-09 08:00:31,697 [INFO]   Processing: hdfc_equity_fund_direct_growth_chunked.json
2026-07-09 08:00:31,697 [INFO]     Chunks processed: 7
2026-07-09 08:00:31,697 [INFO]     Embedding dim: 384
2026-07-09 08:00:31,697 [INFO]   
2026-07-09 08:00:31,697 [INFO]   ============================================================
2026-07-09 08:00:31,697 [INFO]   Processing Complete
2026-07-09 08:00:31,698 [INFO]   ============================================================
2026-07-09 08:00:31,698 [INFO]   Files processed: 5
2026-07-09 08:00:31,698 [INFO]   Total chunks indexed: 29
2026-07-09 08:00:31,698 [INFO]   Total vectors in DB: 29
2026-07-09 08:00:31,698 [INFO]   
2026-07-09 08:00:31,698 [INFO]   Vector database saved to: /home/runner/work/m2-mutualFunds-RAGchatbot/m2-mutualFunds-RAGchatbot/phase_3/vector_db
2026-07-09 08:00:31,705 [INFO] Report saved to /home/runner/work/m2-mutualFunds-RAGchatbot/m2-mutualFunds-RAGchatbot/logs/scheduler_report.json
2026-07-09 08:00:31,705 [INFO] ============================================================
2026-07-09 08:00:31,705 [INFO] ALL STEPS COMPLETE
2026-07-09 08:00:31,705 [INFO] ============================================================
