2026-07-07 07:59:26,538 [INFO] ============================================================
2026-07-07 07:59:26,538 [INFO] STEP 1/4: Web Scraping
2026-07-07 07:59:26,538 [INFO] ============================================================
2026-07-07 07:59:26,538 [INFO] --- Starting: Scraper ---
2026-07-07 07:59:27,976 [INFO] Scraper completed in 1.44s
2026-07-07 07:59:27,976 [INFO]   Total URLs: 5
2026-07-07 07:59:27,976 [INFO]   Successful: 5
2026-07-07 07:59:27,976 [INFO]   Failed: 0
2026-07-07 07:59:27,976 [INFO]   From Cache: 5
2026-07-07 07:59:27,977 [INFO]   ==================================================
2026-07-07 07:59:27,977 [INFO]   ✓ https://groww.in/mutual-funds/hdfc-mid-cap-fund-direct-growth
2026-07-07 07:59:27,977 [INFO]     Text length: 18853 characters
2026-07-07 07:59:27,977 [INFO]   ✓ https://groww.in/mutual-funds/hdfc-equity-fund-direct-growth
2026-07-07 07:59:27,977 [INFO]     Text length: 18878 characters
2026-07-07 07:59:27,977 [INFO]   ✓ https://groww.in/mutual-funds/hdfc-focused-fund-direct-growth
2026-07-07 07:59:27,977 [INFO]     Text length: 17055 characters
2026-07-07 07:59:27,977 [INFO]   ✓ https://groww.in/mutual-funds/hdfc-elss-tax-saver-fund-direct-plan-growth
2026-07-07 07:59:27,977 [INFO]     Text length: 17963 characters
2026-07-07 07:59:27,977 [INFO]   ✓ https://groww.in/mutual-funds/hdfc-large-cap-fund-direct-growth
2026-07-07 07:59:27,977 [INFO]     Text length: 17529 characters
2026-07-07 07:59:27,977 [INFO] ============================================================
2026-07-07 07:59:27,977 [INFO] STEP 2/4: Content Extraction
2026-07-07 07:59:27,977 [INFO] ============================================================
2026-07-07 07:59:27,977 [INFO] --- Starting: Content Extraction ---
2026-07-07 07:59:28,416 [INFO] Content Extraction completed in 0.44s
2026-07-07 07:59:28,416 [INFO]     Saved: hdfc_large_cap_fund_direct_growth.json
2026-07-07 07:59:28,416 [INFO]     Size: 3775 characters
2026-07-07 07:59:28,416 [INFO]   Processing: hdfc_elss_tax_saver_fund_direct_plan_growth.html
2026-07-07 07:59:28,416 [INFO]     Saved: hdfc_elss_tax_saver_fund_direct_plan_growth.json
2026-07-07 07:59:28,416 [INFO]     Size: 4593 characters
2026-07-07 07:59:28,416 [INFO]   
2026-07-07 07:59:28,416 [INFO]   ============================================================
2026-07-07 07:59:28,416 [INFO]   Processing Complete
2026-07-07 07:59:28,416 [INFO]   ============================================================
2026-07-07 07:59:28,416 [INFO]   Total files processed: 5
2026-07-07 07:59:28,416 [INFO]   Total original size: 1,938,716 characters
2026-07-07 07:59:28,416 [INFO]   Total cleaned size: 22,524 characters
2026-07-07 07:59:28,417 [INFO]   Reduction: 98.8%
2026-07-07 07:59:28,417 [INFO]   
2026-07-07 07:59:28,417 [INFO]   Extracted JSON files saved to: /home/runner/work/m2-mutualFunds-RAGchatbot/m2-mutualFunds-RAGchatbot/phase_2/scraped-data/extracted_json
2026-07-07 07:59:28,417 [INFO] ============================================================
2026-07-07 07:59:28,417 [INFO] STEP 3/4: Document Chunking
2026-07-07 07:59:28,417 [INFO] ============================================================
2026-07-07 07:59:28,417 [INFO] --- Starting: Chunking ---
2026-07-07 07:59:28,476 [INFO] Chunking completed in 0.06s
2026-07-07 07:59:28,476 [INFO]     Saved: hdfc_equity_fund_direct_growth_chunked.json
2026-07-07 07:59:28,476 [INFO]     Chunks: 7
2026-07-07 07:59:28,476 [INFO]     Valid chunks: 1
2026-07-07 07:59:28,476 [INFO]     Avg quality: 0.83
2026-07-07 07:59:28,476 [INFO]   
2026-07-07 07:59:28,476 [INFO]   ============================================================
2026-07-07 07:59:28,476 [INFO]   Processing Complete
2026-07-07 07:59:28,476 [INFO]   ============================================================
2026-07-07 07:59:28,476 [INFO]   Total files processed: 5
2026-07-07 07:59:28,476 [INFO]   Total chunks generated: 29
2026-07-07 07:59:28,477 [INFO]   Valid chunks: 1
2026-07-07 07:59:28,477 [INFO]   Invalid chunks: 28
2026-07-07 07:59:28,477 [INFO]   Average quality score: 0.81
2026-07-07 07:59:28,477 [INFO]   
2026-07-07 07:59:28,477 [INFO]   Chunked JSON files saved to: /home/runner/work/m2-mutualFunds-RAGchatbot/m2-mutualFunds-RAGchatbot/phase_2/scraped-data/chunked_json
2026-07-07 07:59:28,477 [INFO] ============================================================
2026-07-07 07:59:28,477 [INFO] STEP 4/4: Embedding Generation
2026-07-07 07:59:28,477 [INFO] ============================================================
2026-07-07 07:59:28,477 [INFO] --- Starting: Embedding ---
2026-07-07 07:59:30,297 [INFO] Embedding completed in 1.82s
2026-07-07 07:59:30,297 [INFO]   Processing: hdfc_mid_cap_fund_direct_growth_chunked.json
2026-07-07 07:59:30,298 [INFO]     Chunks processed: 7
2026-07-07 07:59:30,298 [INFO]     Embedding dim: 384
2026-07-07 07:59:30,298 [INFO]   Processing: hdfc_equity_fund_direct_growth_chunked.json
2026-07-07 07:59:30,298 [INFO]     Chunks processed: 7
2026-07-07 07:59:30,298 [INFO]     Embedding dim: 384
2026-07-07 07:59:30,298 [INFO]   
2026-07-07 07:59:30,298 [INFO]   ============================================================
2026-07-07 07:59:30,298 [INFO]   Processing Complete
2026-07-07 07:59:30,298 [INFO]   ============================================================
2026-07-07 07:59:30,298 [INFO]   Files processed: 5
2026-07-07 07:59:30,298 [INFO]   Total chunks indexed: 29
2026-07-07 07:59:30,298 [INFO]   Total vectors in DB: 29
2026-07-07 07:59:30,298 [INFO]   
2026-07-07 07:59:30,298 [INFO]   Vector database saved to: /home/runner/work/m2-mutualFunds-RAGchatbot/m2-mutualFunds-RAGchatbot/phase_3/vector_db
2026-07-07 07:59:30,298 [INFO] Report saved to /home/runner/work/m2-mutualFunds-RAGchatbot/m2-mutualFunds-RAGchatbot/logs/scheduler_report.json
2026-07-07 07:59:30,298 [INFO] ============================================================
2026-07-07 07:59:30,299 [INFO] ALL STEPS COMPLETE
2026-07-07 07:59:30,299 [INFO] ============================================================
