2026-05-15 07:42:39,505 [INFO] ============================================================
2026-05-15 07:42:39,505 [INFO] STEP 1/4: Web Scraping
2026-05-15 07:42:39,505 [INFO] ============================================================
2026-05-15 07:42:39,505 [INFO] --- Starting: Scraper ---
2026-05-15 07:42:41,854 [INFO] Scraper completed in 2.35s
2026-05-15 07:42:41,854 [INFO]   Total URLs: 5
2026-05-15 07:42:41,854 [INFO]   Successful: 5
2026-05-15 07:42:41,854 [INFO]   Failed: 0
2026-05-15 07:42:41,854 [INFO]   From Cache: 0
2026-05-15 07:42:41,854 [INFO]   ==================================================
2026-05-15 07:42:41,854 [INFO]   ✓ https://groww.in/mutual-funds/hdfc-mid-cap-fund-direct-growth
2026-05-15 07:42:41,854 [INFO]     Text length: 18812 characters
2026-05-15 07:42:41,854 [INFO]   ✓ https://groww.in/mutual-funds/hdfc-equity-fund-direct-growth
2026-05-15 07:42:41,854 [INFO]     Text length: 18302 characters
2026-05-15 07:42:41,855 [INFO]   ✓ https://groww.in/mutual-funds/hdfc-focused-fund-direct-growth
2026-05-15 07:42:41,855 [INFO]     Text length: 16847 characters
2026-05-15 07:42:41,855 [INFO]   ✓ https://groww.in/mutual-funds/hdfc-elss-tax-saver-fund-direct-plan-growth
2026-05-15 07:42:41,855 [INFO]     Text length: 17755 characters
2026-05-15 07:42:41,855 [INFO]   ✓ https://groww.in/mutual-funds/hdfc-large-cap-fund-direct-growth
2026-05-15 07:42:41,855 [INFO]     Text length: 17424 characters
2026-05-15 07:42:41,855 [INFO] ============================================================
2026-05-15 07:42:41,855 [INFO] STEP 2/4: Content Extraction
2026-05-15 07:42:41,855 [INFO] ============================================================
2026-05-15 07:42:41,855 [INFO] --- Starting: Content Extraction ---
2026-05-15 07:42:42,292 [INFO] Content Extraction completed in 0.44s
2026-05-15 07:42:42,292 [INFO]     Saved: hdfc_focused_fund_direct_growth.json
2026-05-15 07:42:42,292 [INFO]     Size: 2828 characters
2026-05-15 07:42:42,292 [INFO]   Processing: hdfc_large_cap_fund_direct_growth.html
2026-05-15 07:42:42,292 [INFO]     Saved: hdfc_large_cap_fund_direct_growth.json
2026-05-15 07:42:42,292 [INFO]     Size: 3358 characters
2026-05-15 07:42:42,292 [INFO]   
2026-05-15 07:42:42,292 [INFO]   ============================================================
2026-05-15 07:42:42,292 [INFO]   Processing Complete
2026-05-15 07:42:42,292 [INFO]   ============================================================
2026-05-15 07:42:42,292 [INFO]   Total files processed: 5
2026-05-15 07:42:42,292 [INFO]   Total original size: 1,942,616 characters
2026-05-15 07:42:42,292 [INFO]   Total cleaned size: 18,069 characters
2026-05-15 07:42:42,292 [INFO]   Reduction: 99.1%
2026-05-15 07:42:42,292 [INFO]   
2026-05-15 07:42:42,293 [INFO]   Extracted JSON files saved to: /home/runner/work/m2-mutualFunds-RAGchatbot/m2-mutualFunds-RAGchatbot/phase_2/scraped-data/extracted_json
2026-05-15 07:42:42,293 [INFO] ============================================================
2026-05-15 07:42:42,293 [INFO] STEP 3/4: Document Chunking
2026-05-15 07:42:42,293 [INFO] ============================================================
2026-05-15 07:42:42,293 [INFO] --- Starting: Chunking ---
2026-05-15 07:42:42,352 [INFO] Chunking completed in 0.06s
2026-05-15 07:42:42,352 [INFO]     Saved: hdfc_equity_fund_direct_growth_chunked.json
2026-05-15 07:42:42,352 [INFO]     Chunks: 5
2026-05-15 07:42:42,352 [INFO]     Valid chunks: 2
2026-05-15 07:42:42,352 [INFO]     Avg quality: 0.88
2026-05-15 07:42:42,352 [INFO]   
2026-05-15 07:42:42,352 [INFO]   ============================================================
2026-05-15 07:42:42,352 [INFO]   Processing Complete
2026-05-15 07:42:42,352 [INFO]   ============================================================
2026-05-15 07:42:42,352 [INFO]   Total files processed: 5
2026-05-15 07:42:42,352 [INFO]   Total chunks generated: 21
2026-05-15 07:42:42,352 [INFO]   Valid chunks: 2
2026-05-15 07:42:42,352 [INFO]   Invalid chunks: 19
2026-05-15 07:42:42,352 [INFO]   Average quality score: 0.82
2026-05-15 07:42:42,352 [INFO]   
2026-05-15 07:42:42,352 [INFO]   Chunked JSON files saved to: /home/runner/work/m2-mutualFunds-RAGchatbot/m2-mutualFunds-RAGchatbot/phase_2/scraped-data/chunked_json
2026-05-15 07:42:42,352 [INFO] ============================================================
2026-05-15 07:42:42,352 [INFO] STEP 4/4: Embedding Generation
2026-05-15 07:42:42,352 [INFO] ============================================================
2026-05-15 07:42:42,352 [INFO] --- Starting: Embedding ---
2026-05-15 07:42:43,557 [INFO] Embedding completed in 1.2s
2026-05-15 07:42:43,557 [INFO]   Processing: hdfc_mid_cap_fund_direct_growth_chunked.json
2026-05-15 07:42:43,557 [INFO]     Chunks processed: 5
2026-05-15 07:42:43,557 [INFO]     Embedding dim: 384
2026-05-15 07:42:43,557 [INFO]   Processing: hdfc_large_cap_fund_direct_growth_chunked.json
2026-05-15 07:42:43,557 [INFO]     Chunks processed: 4
2026-05-15 07:42:43,557 [INFO]     Embedding dim: 384
2026-05-15 07:42:43,557 [INFO]   
2026-05-15 07:42:43,557 [INFO]   ============================================================
2026-05-15 07:42:43,557 [INFO]   Processing Complete
2026-05-15 07:42:43,557 [INFO]   ============================================================
2026-05-15 07:42:43,557 [INFO]   Files processed: 5
2026-05-15 07:42:43,557 [INFO]   Total chunks indexed: 21
2026-05-15 07:42:43,557 [INFO]   Total vectors in DB: 21
2026-05-15 07:42:43,557 [INFO]   
2026-05-15 07:42:43,557 [INFO]   Vector database saved to: /home/runner/work/m2-mutualFunds-RAGchatbot/m2-mutualFunds-RAGchatbot/phase_3/vector_db
2026-05-15 07:42:43,558 [INFO] Report saved to /home/runner/work/m2-mutualFunds-RAGchatbot/m2-mutualFunds-RAGchatbot/logs/scheduler_report.json
2026-05-15 07:42:43,558 [INFO] ============================================================
2026-05-15 07:42:43,558 [INFO] ALL STEPS COMPLETE
2026-05-15 07:42:43,558 [INFO] ============================================================
