2026-06-10 08:33:10,951 [INFO] ============================================================
2026-06-10 08:33:10,951 [INFO] STEP 1/4: Web Scraping
2026-06-10 08:33:10,951 [INFO] ============================================================
2026-06-10 08:33:10,951 [INFO] --- Starting: Scraper ---
2026-06-10 08:33:13,719 [INFO] Scraper completed in 2.77s
2026-06-10 08:33:13,719 [INFO]   Total URLs: 5
2026-06-10 08:33:13,720 [INFO]   Successful: 5
2026-06-10 08:33:13,720 [INFO]   Failed: 0
2026-06-10 08:33:13,720 [INFO]   From Cache: 0
2026-06-10 08:33:13,720 [INFO]   ==================================================
2026-06-10 08:33:13,720 [INFO]   ✓ https://groww.in/mutual-funds/hdfc-mid-cap-fund-direct-growth
2026-06-10 08:33:13,720 [INFO]     Text length: 18897 characters
2026-06-10 08:33:13,720 [INFO]   ✓ https://groww.in/mutual-funds/hdfc-equity-fund-direct-growth
2026-06-10 08:33:13,720 [INFO]     Text length: 18617 characters
2026-06-10 08:33:13,720 [INFO]   ✓ https://groww.in/mutual-funds/hdfc-focused-fund-direct-growth
2026-06-10 08:33:13,720 [INFO]     Text length: 17051 characters
2026-06-10 08:33:13,720 [INFO]   ✓ https://groww.in/mutual-funds/hdfc-elss-tax-saver-fund-direct-plan-growth
2026-06-10 08:33:13,720 [INFO]     Text length: 17923 characters
2026-06-10 08:33:13,720 [INFO]   ✓ https://groww.in/mutual-funds/hdfc-large-cap-fund-direct-growth
2026-06-10 08:33:13,720 [INFO]     Text length: 17542 characters
2026-06-10 08:33:13,720 [INFO] ============================================================
2026-06-10 08:33:13,720 [INFO] STEP 2/4: Content Extraction
2026-06-10 08:33:13,720 [INFO] ============================================================
2026-06-10 08:33:13,720 [INFO] --- Starting: Content Extraction ---
2026-06-10 08:33:14,238 [INFO] Content Extraction completed in 0.52s
2026-06-10 08:33:14,238 [INFO]     Saved: hdfc_large_cap_fund_direct_growth.json
2026-06-10 08:33:14,238 [INFO]     Size: 3789 characters
2026-06-10 08:33:14,238 [INFO]   Processing: hdfc_equity_fund_direct_growth.html
2026-06-10 08:33:14,238 [INFO]     Saved: hdfc_equity_fund_direct_growth.json
2026-06-10 08:33:14,238 [INFO]     Size: 5195 characters
2026-06-10 08:33:14,239 [INFO]   
2026-06-10 08:33:14,239 [INFO]   ============================================================
2026-06-10 08:33:14,239 [INFO]   Processing Complete
2026-06-10 08:33:14,239 [INFO]   ============================================================
2026-06-10 08:33:14,239 [INFO]   Total files processed: 5
2026-06-10 08:33:14,239 [INFO]   Total original size: 1,918,725 characters
2026-06-10 08:33:14,239 [INFO]   Total cleaned size: 22,259 characters
2026-06-10 08:33:14,239 [INFO]   Reduction: 98.8%
2026-06-10 08:33:14,239 [INFO]   
2026-06-10 08:33:14,239 [INFO]   Extracted JSON files saved to: /home/runner/work/m2-mutualFunds-RAGchatbot/m2-mutualFunds-RAGchatbot/phase_2/scraped-data/extracted_json
2026-06-10 08:33:14,239 [INFO] ============================================================
2026-06-10 08:33:14,239 [INFO] STEP 3/4: Document Chunking
2026-06-10 08:33:14,239 [INFO] ============================================================
2026-06-10 08:33:14,239 [INFO] --- Starting: Chunking ---
2026-06-10 08:33:14,292 [INFO] Chunking completed in 0.05s
2026-06-10 08:33:14,292 [INFO]     Saved: hdfc_focused_fund_direct_growth_chunked.json
2026-06-10 08:33:14,292 [INFO]     Chunks: 4
2026-06-10 08:33:14,292 [INFO]     Valid chunks: 0
2026-06-10 08:33:14,292 [INFO]     Avg quality: 0.80
2026-06-10 08:33:14,293 [INFO]   
2026-06-10 08:33:14,293 [INFO]   ============================================================
2026-06-10 08:33:14,293 [INFO]   Processing Complete
2026-06-10 08:33:14,293 [INFO]   ============================================================
2026-06-10 08:33:14,293 [INFO]   Total files processed: 5
2026-06-10 08:33:14,293 [INFO]   Total chunks generated: 28
2026-06-10 08:33:14,293 [INFO]   Valid chunks: 1
2026-06-10 08:33:14,293 [INFO]   Invalid chunks: 27
2026-06-10 08:33:14,293 [INFO]   Average quality score: 0.81
2026-06-10 08:33:14,293 [INFO]   
2026-06-10 08:33:14,293 [INFO]   Chunked JSON files saved to: /home/runner/work/m2-mutualFunds-RAGchatbot/m2-mutualFunds-RAGchatbot/phase_2/scraped-data/chunked_json
2026-06-10 08:33:14,293 [INFO] ============================================================
2026-06-10 08:33:14,293 [INFO] STEP 4/4: Embedding Generation
2026-06-10 08:33:14,293 [INFO] ============================================================
2026-06-10 08:33:14,293 [INFO] --- Starting: Embedding ---
2026-06-10 08:33:15,452 [INFO] Embedding completed in 1.16s
2026-06-10 08:33:15,452 [INFO]   Processing: hdfc_focused_fund_direct_growth_chunked.json
2026-06-10 08:33:15,452 [INFO]     Chunks processed: 4
2026-06-10 08:33:15,452 [INFO]     Embedding dim: 384
2026-06-10 08:33:15,452 [INFO]   Processing: hdfc_equity_fund_direct_growth_chunked.json
2026-06-10 08:33:15,452 [INFO]     Chunks processed: 6
2026-06-10 08:33:15,452 [INFO]     Embedding dim: 384
2026-06-10 08:33:15,452 [INFO]   
2026-06-10 08:33:15,452 [INFO]   ============================================================
2026-06-10 08:33:15,452 [INFO]   Processing Complete
2026-06-10 08:33:15,453 [INFO]   ============================================================
2026-06-10 08:33:15,453 [INFO]   Files processed: 5
2026-06-10 08:33:15,453 [INFO]   Total chunks indexed: 28
2026-06-10 08:33:15,453 [INFO]   Total vectors in DB: 28
2026-06-10 08:33:15,453 [INFO]   
2026-06-10 08:33:15,453 [INFO]   Vector database saved to: /home/runner/work/m2-mutualFunds-RAGchatbot/m2-mutualFunds-RAGchatbot/phase_3/vector_db
2026-06-10 08:33:15,453 [INFO] Report saved to /home/runner/work/m2-mutualFunds-RAGchatbot/m2-mutualFunds-RAGchatbot/logs/scheduler_report.json
2026-06-10 08:33:15,453 [INFO] ============================================================
2026-06-10 08:33:15,453 [INFO] ALL STEPS COMPLETE
2026-06-10 08:33:15,453 [INFO] ============================================================
