2026-06-18 09:01:39,651 [INFO] ============================================================
2026-06-18 09:01:39,651 [INFO] STEP 1/4: Web Scraping
2026-06-18 09:01:39,652 [INFO] ============================================================
2026-06-18 09:01:39,652 [INFO] --- Starting: Scraper ---
2026-06-18 09:01:42,434 [INFO] Scraper completed in 2.78s
2026-06-18 09:01:42,434 [INFO]   Total URLs: 5
2026-06-18 09:01:42,434 [INFO]   Successful: 5
2026-06-18 09:01:42,434 [INFO]   Failed: 0
2026-06-18 09:01:42,434 [INFO]   From Cache: 5
2026-06-18 09:01:42,434 [INFO]   ==================================================
2026-06-18 09:01:42,434 [INFO]   ✓ https://groww.in/mutual-funds/hdfc-mid-cap-fund-direct-growth
2026-06-18 09:01:42,434 [INFO]     Text length: 18853 characters
2026-06-18 09:01:42,435 [INFO]   ✓ https://groww.in/mutual-funds/hdfc-equity-fund-direct-growth
2026-06-18 09:01:42,435 [INFO]     Text length: 18870 characters
2026-06-18 09:01:42,435 [INFO]   ✓ https://groww.in/mutual-funds/hdfc-focused-fund-direct-growth
2026-06-18 09:01:42,435 [INFO]     Text length: 17050 characters
2026-06-18 09:01:42,435 [INFO]   ✓ https://groww.in/mutual-funds/hdfc-elss-tax-saver-fund-direct-plan-growth
2026-06-18 09:01:42,435 [INFO]     Text length: 17963 characters
2026-06-18 09:01:42,435 [INFO]   ✓ https://groww.in/mutual-funds/hdfc-large-cap-fund-direct-growth
2026-06-18 09:01:42,435 [INFO]     Text length: 17529 characters
2026-06-18 09:01:42,435 [INFO] ============================================================
2026-06-18 09:01:42,435 [INFO] STEP 2/4: Content Extraction
2026-06-18 09:01:42,435 [INFO] ============================================================
2026-06-18 09:01:42,435 [INFO] --- Starting: Content Extraction ---
2026-06-18 09:01:42,957 [INFO] Content Extraction completed in 0.52s
2026-06-18 09:01:42,958 [INFO]     Saved: hdfc_large_cap_fund_direct_growth.json
2026-06-18 09:01:42,958 [INFO]     Size: 3776 characters
2026-06-18 09:01:42,958 [INFO]   Processing: hdfc_elss_tax_saver_fund_direct_plan_growth.html
2026-06-18 09:01:42,958 [INFO]     Saved: hdfc_elss_tax_saver_fund_direct_plan_growth.json
2026-06-18 09:01:42,958 [INFO]     Size: 4593 characters
2026-06-18 09:01:42,958 [INFO]   
2026-06-18 09:01:42,958 [INFO]   ============================================================
2026-06-18 09:01:42,958 [INFO]   Processing Complete
2026-06-18 09:01:42,958 [INFO]   ============================================================
2026-06-18 09:01:42,958 [INFO]   Total files processed: 5
2026-06-18 09:01:42,958 [INFO]   Total original size: 1,931,196 characters
2026-06-18 09:01:42,958 [INFO]   Total cleaned size: 22,515 characters
2026-06-18 09:01:42,958 [INFO]   Reduction: 98.8%
2026-06-18 09:01:42,958 [INFO]   
2026-06-18 09:01:42,958 [INFO]   Extracted JSON files saved to: /home/runner/work/m2-mutualFunds-RAGchatbot/m2-mutualFunds-RAGchatbot/phase_2/scraped-data/extracted_json
2026-06-18 09:01:42,958 [INFO] ============================================================
2026-06-18 09:01:42,958 [INFO] STEP 3/4: Document Chunking
2026-06-18 09:01:42,959 [INFO] ============================================================
2026-06-18 09:01:42,959 [INFO] --- Starting: Chunking ---
2026-06-18 09:01:43,012 [INFO] Chunking completed in 0.05s
2026-06-18 09:01:43,012 [INFO]     Saved: hdfc_equity_fund_direct_growth_chunked.json
2026-06-18 09:01:43,012 [INFO]     Chunks: 7
2026-06-18 09:01:43,012 [INFO]     Valid chunks: 1
2026-06-18 09:01:43,012 [INFO]     Avg quality: 0.83
2026-06-18 09:01:43,012 [INFO]   
2026-06-18 09:01:43,012 [INFO]   ============================================================
2026-06-18 09:01:43,012 [INFO]   Processing Complete
2026-06-18 09:01:43,012 [INFO]   ============================================================
2026-06-18 09:01:43,012 [INFO]   Total files processed: 5
2026-06-18 09:01:43,012 [INFO]   Total chunks generated: 29
2026-06-18 09:01:43,012 [INFO]   Valid chunks: 1
2026-06-18 09:01:43,012 [INFO]   Invalid chunks: 28
2026-06-18 09:01:43,012 [INFO]   Average quality score: 0.81
2026-06-18 09:01:43,012 [INFO]   
2026-06-18 09:01:43,012 [INFO]   Chunked JSON files saved to: /home/runner/work/m2-mutualFunds-RAGchatbot/m2-mutualFunds-RAGchatbot/phase_2/scraped-data/chunked_json
2026-06-18 09:01:43,012 [INFO] ============================================================
2026-06-18 09:01:43,012 [INFO] STEP 4/4: Embedding Generation
2026-06-18 09:01:43,012 [INFO] ============================================================
2026-06-18 09:01:43,012 [INFO] --- Starting: Embedding ---
2026-06-18 09:01:44,279 [INFO] Embedding completed in 1.27s
2026-06-18 09:01:44,279 [INFO]   Processing: hdfc_mid_cap_fund_direct_growth_chunked.json
2026-06-18 09:01:44,279 [INFO]     Chunks processed: 7
2026-06-18 09:01:44,279 [INFO]     Embedding dim: 384
2026-06-18 09:01:44,279 [INFO]   Processing: hdfc_equity_fund_direct_growth_chunked.json
2026-06-18 09:01:44,279 [INFO]     Chunks processed: 7
2026-06-18 09:01:44,279 [INFO]     Embedding dim: 384
2026-06-18 09:01:44,279 [INFO]   
2026-06-18 09:01:44,279 [INFO]   ============================================================
2026-06-18 09:01:44,279 [INFO]   Processing Complete
2026-06-18 09:01:44,279 [INFO]   ============================================================
2026-06-18 09:01:44,279 [INFO]   Files processed: 5
2026-06-18 09:01:44,279 [INFO]   Total chunks indexed: 29
2026-06-18 09:01:44,280 [INFO]   Total vectors in DB: 29
2026-06-18 09:01:44,280 [INFO]   
2026-06-18 09:01:44,280 [INFO]   Vector database saved to: /home/runner/work/m2-mutualFunds-RAGchatbot/m2-mutualFunds-RAGchatbot/phase_3/vector_db
2026-06-18 09:01:44,280 [INFO] Report saved to /home/runner/work/m2-mutualFunds-RAGchatbot/m2-mutualFunds-RAGchatbot/logs/scheduler_report.json
2026-06-18 09:01:44,280 [INFO] ============================================================
2026-06-18 09:01:44,280 [INFO] ALL STEPS COMPLETE
2026-06-18 09:01:44,280 [INFO] ============================================================
