2026-07-03 07:47:01,407 [INFO] ============================================================
2026-07-03 07:47:01,407 [INFO] STEP 1/4: Web Scraping
2026-07-03 07:47:01,407 [INFO] ============================================================
2026-07-03 07:47:01,407 [INFO] --- Starting: Scraper ---
2026-07-03 07:47:04,415 [INFO] Scraper completed in 3.01s
2026-07-03 07:47:04,415 [INFO]   Total URLs: 5
2026-07-03 07:47:04,415 [INFO]   Successful: 5
2026-07-03 07:47:04,416 [INFO]   Failed: 0
2026-07-03 07:47:04,416 [INFO]   From Cache: 0
2026-07-03 07:47:04,416 [INFO]   ==================================================
2026-07-03 07:47:04,416 [INFO]   ✓ https://groww.in/mutual-funds/hdfc-mid-cap-fund-direct-growth
2026-07-03 07:47:04,416 [INFO]     Text length: 18853 characters
2026-07-03 07:47:04,416 [INFO]   ✓ https://groww.in/mutual-funds/hdfc-equity-fund-direct-growth
2026-07-03 07:47:04,416 [INFO]     Text length: 18879 characters
2026-07-03 07:47:04,416 [INFO]   ✓ https://groww.in/mutual-funds/hdfc-focused-fund-direct-growth
2026-07-03 07:47:04,416 [INFO]     Text length: 17056 characters
2026-07-03 07:47:04,416 [INFO]   ✓ https://groww.in/mutual-funds/hdfc-elss-tax-saver-fund-direct-plan-growth
2026-07-03 07:47:04,416 [INFO]     Text length: 17963 characters
2026-07-03 07:47:04,416 [INFO]   ✓ https://groww.in/mutual-funds/hdfc-large-cap-fund-direct-growth
2026-07-03 07:47:04,416 [INFO]     Text length: 17529 characters
2026-07-03 07:47:04,416 [INFO] ============================================================
2026-07-03 07:47:04,416 [INFO] STEP 2/4: Content Extraction
2026-07-03 07:47:04,416 [INFO] ============================================================
2026-07-03 07:47:04,416 [INFO] --- Starting: Content Extraction ---
2026-07-03 07:47:04,931 [INFO] Content Extraction completed in 0.51s
2026-07-03 07:47:04,932 [INFO]     Saved: hdfc_large_cap_fund_direct_growth.json
2026-07-03 07:47:04,932 [INFO]     Size: 3775 characters
2026-07-03 07:47:04,932 [INFO]   Processing: hdfc_elss_tax_saver_fund_direct_plan_growth.html
2026-07-03 07:47:04,932 [INFO]     Saved: hdfc_elss_tax_saver_fund_direct_plan_growth.json
2026-07-03 07:47:04,932 [INFO]     Size: 4593 characters
2026-07-03 07:47:04,932 [INFO]   
2026-07-03 07:47:04,932 [INFO]   ============================================================
2026-07-03 07:47:04,932 [INFO]   Processing Complete
2026-07-03 07:47:04,932 [INFO]   ============================================================
2026-07-03 07:47:04,932 [INFO]   Total files processed: 5
2026-07-03 07:47:04,932 [INFO]   Total original size: 1,938,722 characters
2026-07-03 07:47:04,932 [INFO]   Total cleaned size: 22,526 characters
2026-07-03 07:47:04,932 [INFO]   Reduction: 98.8%
2026-07-03 07:47:04,932 [INFO]   
2026-07-03 07:47:04,932 [INFO]   Extracted JSON files saved to: /home/runner/work/m2-mutualFunds-RAGchatbot/m2-mutualFunds-RAGchatbot/phase_2/scraped-data/extracted_json
2026-07-03 07:47:04,932 [INFO] ============================================================
2026-07-03 07:47:04,932 [INFO] STEP 3/4: Document Chunking
2026-07-03 07:47:04,932 [INFO] ============================================================
2026-07-03 07:47:04,932 [INFO] --- Starting: Chunking ---
2026-07-03 07:47:04,985 [INFO] Chunking completed in 0.05s
2026-07-03 07:47:04,985 [INFO]     Saved: hdfc_equity_fund_direct_growth_chunked.json
2026-07-03 07:47:04,985 [INFO]     Chunks: 7
2026-07-03 07:47:04,985 [INFO]     Valid chunks: 1
2026-07-03 07:47:04,985 [INFO]     Avg quality: 0.83
2026-07-03 07:47:04,985 [INFO]   
2026-07-03 07:47:04,985 [INFO]   ============================================================
2026-07-03 07:47:04,985 [INFO]   Processing Complete
2026-07-03 07:47:04,985 [INFO]   ============================================================
2026-07-03 07:47:04,985 [INFO]   Total files processed: 5
2026-07-03 07:47:04,985 [INFO]   Total chunks generated: 29
2026-07-03 07:47:04,985 [INFO]   Valid chunks: 1
2026-07-03 07:47:04,986 [INFO]   Invalid chunks: 28
2026-07-03 07:47:04,986 [INFO]   Average quality score: 0.81
2026-07-03 07:47:04,986 [INFO]   
2026-07-03 07:47:04,986 [INFO]   Chunked JSON files saved to: /home/runner/work/m2-mutualFunds-RAGchatbot/m2-mutualFunds-RAGchatbot/phase_2/scraped-data/chunked_json
2026-07-03 07:47:04,986 [INFO] ============================================================
2026-07-03 07:47:04,986 [INFO] STEP 4/4: Embedding Generation
2026-07-03 07:47:04,986 [INFO] ============================================================
2026-07-03 07:47:04,986 [INFO] --- Starting: Embedding ---
2026-07-03 07:47:06,004 [INFO] Embedding completed in 1.02s
2026-07-03 07:47:06,004 [INFO]   Processing: hdfc_mid_cap_fund_direct_growth_chunked.json
2026-07-03 07:47:06,004 [INFO]     Chunks processed: 7
2026-07-03 07:47:06,004 [INFO]     Embedding dim: 384
2026-07-03 07:47:06,004 [INFO]   Processing: hdfc_equity_fund_direct_growth_chunked.json
2026-07-03 07:47:06,004 [INFO]     Chunks processed: 7
2026-07-03 07:47:06,004 [INFO]     Embedding dim: 384
2026-07-03 07:47:06,004 [INFO]   
2026-07-03 07:47:06,004 [INFO]   ============================================================
2026-07-03 07:47:06,004 [INFO]   Processing Complete
2026-07-03 07:47:06,004 [INFO]   ============================================================
2026-07-03 07:47:06,004 [INFO]   Files processed: 5
2026-07-03 07:47:06,004 [INFO]   Total chunks indexed: 29
2026-07-03 07:47:06,005 [INFO]   Total vectors in DB: 29
2026-07-03 07:47:06,005 [INFO]   
2026-07-03 07:47:06,005 [INFO]   Vector database saved to: /home/runner/work/m2-mutualFunds-RAGchatbot/m2-mutualFunds-RAGchatbot/phase_3/vector_db
2026-07-03 07:47:06,005 [INFO] Report saved to /home/runner/work/m2-mutualFunds-RAGchatbot/m2-mutualFunds-RAGchatbot/logs/scheduler_report.json
2026-07-03 07:47:06,005 [INFO] ============================================================
2026-07-03 07:47:06,005 [INFO] ALL STEPS COMPLETE
2026-07-03 07:47:06,005 [INFO] ============================================================
