2026-06-22 10:22:36,059 [INFO] ============================================================
2026-06-22 10:22:36,059 [INFO] STEP 1/4: Web Scraping
2026-06-22 10:22:36,059 [INFO] ============================================================
2026-06-22 10:22:36,059 [INFO] --- Starting: Scraper ---
2026-06-22 10:22:38,851 [INFO] Scraper completed in 2.79s
2026-06-22 10:22:38,851 [INFO]   Total URLs: 5
2026-06-22 10:22:38,851 [INFO]   Successful: 5
2026-06-22 10:22:38,851 [INFO]   Failed: 0
2026-06-22 10:22:38,851 [INFO]   From Cache: 0
2026-06-22 10:22:38,851 [INFO]   ==================================================
2026-06-22 10:22:38,851 [INFO]   ✓ https://groww.in/mutual-funds/hdfc-mid-cap-fund-direct-growth
2026-06-22 10:22:38,851 [INFO]     Text length: 18855 characters
2026-06-22 10:22:38,851 [INFO]   ✓ https://groww.in/mutual-funds/hdfc-equity-fund-direct-growth
2026-06-22 10:22:38,851 [INFO]     Text length: 18872 characters
2026-06-22 10:22:38,851 [INFO]   ✓ https://groww.in/mutual-funds/hdfc-focused-fund-direct-growth
2026-06-22 10:22:38,851 [INFO]     Text length: 17053 characters
2026-06-22 10:22:38,851 [INFO]   ✓ https://groww.in/mutual-funds/hdfc-elss-tax-saver-fund-direct-plan-growth
2026-06-22 10:22:38,851 [INFO]     Text length: 17965 characters
2026-06-22 10:22:38,851 [INFO]   ✓ https://groww.in/mutual-funds/hdfc-large-cap-fund-direct-growth
2026-06-22 10:22:38,851 [INFO]     Text length: 17529 characters
2026-06-22 10:22:38,851 [INFO] ============================================================
2026-06-22 10:22:38,851 [INFO] STEP 2/4: Content Extraction
2026-06-22 10:22:38,851 [INFO] ============================================================
2026-06-22 10:22:38,851 [INFO] --- Starting: Content Extraction ---
2026-06-22 10:22:39,315 [INFO] Content Extraction completed in 0.46s
2026-06-22 10:22:39,315 [INFO]     Saved: hdfc_large_cap_fund_direct_growth.json
2026-06-22 10:22:39,315 [INFO]     Size: 3775 characters
2026-06-22 10:22:39,315 [INFO]   Processing: hdfc_elss_tax_saver_fund_direct_plan_growth.html
2026-06-22 10:22:39,315 [INFO]     Saved: hdfc_elss_tax_saver_fund_direct_plan_growth.json
2026-06-22 10:22:39,315 [INFO]     Size: 4594 characters
2026-06-22 10:22:39,315 [INFO]   
2026-06-22 10:22:39,315 [INFO]   ============================================================
2026-06-22 10:22:39,315 [INFO]   Processing Complete
2026-06-22 10:22:39,315 [INFO]   ============================================================
2026-06-22 10:22:39,315 [INFO]   Total files processed: 5
2026-06-22 10:22:39,315 [INFO]   Total original size: 1,932,378 characters
2026-06-22 10:22:39,315 [INFO]   Total cleaned size: 22,519 characters
2026-06-22 10:22:39,315 [INFO]   Reduction: 98.8%
2026-06-22 10:22:39,315 [INFO]   
2026-06-22 10:22:39,315 [INFO]   Extracted JSON files saved to: /home/runner/work/m2-mutualFunds-RAGchatbot/m2-mutualFunds-RAGchatbot/phase_2/scraped-data/extracted_json
2026-06-22 10:22:39,316 [INFO] ============================================================
2026-06-22 10:22:39,316 [INFO] STEP 3/4: Document Chunking
2026-06-22 10:22:39,316 [INFO] ============================================================
2026-06-22 10:22:39,316 [INFO] --- Starting: Chunking ---
2026-06-22 10:22:39,365 [INFO] Chunking completed in 0.05s
2026-06-22 10:22:39,365 [INFO]     Saved: hdfc_equity_fund_direct_growth_chunked.json
2026-06-22 10:22:39,365 [INFO]     Chunks: 7
2026-06-22 10:22:39,365 [INFO]     Valid chunks: 1
2026-06-22 10:22:39,365 [INFO]     Avg quality: 0.83
2026-06-22 10:22:39,365 [INFO]   
2026-06-22 10:22:39,365 [INFO]   ============================================================
2026-06-22 10:22:39,365 [INFO]   Processing Complete
2026-06-22 10:22:39,365 [INFO]   ============================================================
2026-06-22 10:22:39,365 [INFO]   Total files processed: 5
2026-06-22 10:22:39,365 [INFO]   Total chunks generated: 29
2026-06-22 10:22:39,365 [INFO]   Valid chunks: 1
2026-06-22 10:22:39,366 [INFO]   Invalid chunks: 28
2026-06-22 10:22:39,366 [INFO]   Average quality score: 0.81
2026-06-22 10:22:39,366 [INFO]   
2026-06-22 10:22:39,366 [INFO]   Chunked JSON files saved to: /home/runner/work/m2-mutualFunds-RAGchatbot/m2-mutualFunds-RAGchatbot/phase_2/scraped-data/chunked_json
2026-06-22 10:22:39,366 [INFO] ============================================================
2026-06-22 10:22:39,366 [INFO] STEP 4/4: Embedding Generation
2026-06-22 10:22:39,366 [INFO] ============================================================
2026-06-22 10:22:39,366 [INFO] --- Starting: Embedding ---
2026-06-22 10:22:40,336 [INFO] Embedding completed in 0.97s
2026-06-22 10:22:40,336 [INFO]   Processing: hdfc_mid_cap_fund_direct_growth_chunked.json
2026-06-22 10:22:40,336 [INFO]     Chunks processed: 7
2026-06-22 10:22:40,336 [INFO]     Embedding dim: 384
2026-06-22 10:22:40,336 [INFO]   Processing: hdfc_equity_fund_direct_growth_chunked.json
2026-06-22 10:22:40,336 [INFO]     Chunks processed: 7
2026-06-22 10:22:40,336 [INFO]     Embedding dim: 384
2026-06-22 10:22:40,336 [INFO]   
2026-06-22 10:22:40,336 [INFO]   ============================================================
2026-06-22 10:22:40,337 [INFO]   Processing Complete
2026-06-22 10:22:40,337 [INFO]   ============================================================
2026-06-22 10:22:40,337 [INFO]   Files processed: 5
2026-06-22 10:22:40,337 [INFO]   Total chunks indexed: 29
2026-06-22 10:22:40,337 [INFO]   Total vectors in DB: 29
2026-06-22 10:22:40,337 [INFO]   
2026-06-22 10:22:40,337 [INFO]   Vector database saved to: /home/runner/work/m2-mutualFunds-RAGchatbot/m2-mutualFunds-RAGchatbot/phase_3/vector_db
2026-06-22 10:22:40,337 [INFO] Report saved to /home/runner/work/m2-mutualFunds-RAGchatbot/m2-mutualFunds-RAGchatbot/logs/scheduler_report.json
2026-06-22 10:22:40,337 [INFO] ============================================================
2026-06-22 10:22:40,337 [INFO] ALL STEPS COMPLETE
2026-06-22 10:22:40,337 [INFO] ============================================================
