2026-05-20 08:02:41,338 [INFO] ============================================================
2026-05-20 08:02:41,338 [INFO] STEP 1/4: Web Scraping
2026-05-20 08:02:41,338 [INFO] ============================================================
2026-05-20 08:02:41,338 [INFO] --- Starting: Scraper ---
2026-05-20 08:02:44,708 [INFO] Scraper completed in 3.37s
2026-05-20 08:02:44,708 [INFO]   Total URLs: 5
2026-05-20 08:02:44,708 [INFO]   Successful: 5
2026-05-20 08:02:44,708 [INFO]   Failed: 0
2026-05-20 08:02:44,708 [INFO]   From Cache: 0
2026-05-20 08:02:44,709 [INFO]   ==================================================
2026-05-20 08:02:44,709 [INFO]   ✓ https://groww.in/mutual-funds/hdfc-mid-cap-fund-direct-growth
2026-05-20 08:02:44,709 [INFO]     Text length: 18810 characters
2026-05-20 08:02:44,709 [INFO]   ✓ https://groww.in/mutual-funds/hdfc-equity-fund-direct-growth
2026-05-20 08:02:44,709 [INFO]     Text length: 18304 characters
2026-05-20 08:02:44,709 [INFO]   ✓ https://groww.in/mutual-funds/hdfc-focused-fund-direct-growth
2026-05-20 08:02:44,709 [INFO]     Text length: 16850 characters
2026-05-20 08:02:44,709 [INFO]   ✓ https://groww.in/mutual-funds/hdfc-elss-tax-saver-fund-direct-plan-growth
2026-05-20 08:02:44,709 [INFO]     Text length: 17755 characters
2026-05-20 08:02:44,709 [INFO]   ✓ https://groww.in/mutual-funds/hdfc-large-cap-fund-direct-growth
2026-05-20 08:02:44,709 [INFO]     Text length: 17400 characters
2026-05-20 08:02:44,709 [INFO] ============================================================
2026-05-20 08:02:44,709 [INFO] STEP 2/4: Content Extraction
2026-05-20 08:02:44,709 [INFO] ============================================================
2026-05-20 08:02:44,709 [INFO] --- Starting: Content Extraction ---
2026-05-20 08:02:45,145 [INFO] Content Extraction completed in 0.44s
2026-05-20 08:02:45,145 [INFO]     Saved: hdfc_focused_fund_direct_growth.json
2026-05-20 08:02:45,145 [INFO]     Size: 2830 characters
2026-05-20 08:02:45,145 [INFO]   Processing: hdfc_large_cap_fund_direct_growth.html
2026-05-20 08:02:45,145 [INFO]     Saved: hdfc_large_cap_fund_direct_growth.json
2026-05-20 08:02:45,145 [INFO]     Size: 3361 characters
2026-05-20 08:02:45,145 [INFO]   
2026-05-20 08:02:45,145 [INFO]   ============================================================
2026-05-20 08:02:45,145 [INFO]   Processing Complete
2026-05-20 08:02:45,145 [INFO]   ============================================================
2026-05-20 08:02:45,145 [INFO]   Total files processed: 5
2026-05-20 08:02:45,145 [INFO]   Total original size: 1,945,091 characters
2026-05-20 08:02:45,145 [INFO]   Total cleaned size: 18,074 characters
2026-05-20 08:02:45,145 [INFO]   Reduction: 99.1%
2026-05-20 08:02:45,145 [INFO]   
2026-05-20 08:02:45,145 [INFO]   Extracted JSON files saved to: /home/runner/work/m2-mutualFunds-RAGchatbot/m2-mutualFunds-RAGchatbot/phase_2/scraped-data/extracted_json
2026-05-20 08:02:45,145 [INFO] ============================================================
2026-05-20 08:02:45,145 [INFO] STEP 3/4: Document Chunking
2026-05-20 08:02:45,145 [INFO] ============================================================
2026-05-20 08:02:45,145 [INFO] --- Starting: Chunking ---
2026-05-20 08:02:45,201 [INFO] Chunking completed in 0.06s
2026-05-20 08:02:45,201 [INFO]     Saved: hdfc_equity_fund_direct_growth_chunked.json
2026-05-20 08:02:45,201 [INFO]     Chunks: 5
2026-05-20 08:02:45,201 [INFO]     Valid chunks: 2
2026-05-20 08:02:45,201 [INFO]     Avg quality: 0.88
2026-05-20 08:02:45,201 [INFO]   
2026-05-20 08:02:45,201 [INFO]   ============================================================
2026-05-20 08:02:45,201 [INFO]   Processing Complete
2026-05-20 08:02:45,201 [INFO]   ============================================================
2026-05-20 08:02:45,201 [INFO]   Total files processed: 5
2026-05-20 08:02:45,201 [INFO]   Total chunks generated: 21
2026-05-20 08:02:45,201 [INFO]   Valid chunks: 2
2026-05-20 08:02:45,201 [INFO]   Invalid chunks: 19
2026-05-20 08:02:45,201 [INFO]   Average quality score: 0.82
2026-05-20 08:02:45,201 [INFO]   
2026-05-20 08:02:45,201 [INFO]   Chunked JSON files saved to: /home/runner/work/m2-mutualFunds-RAGchatbot/m2-mutualFunds-RAGchatbot/phase_2/scraped-data/chunked_json
2026-05-20 08:02:45,201 [INFO] ============================================================
2026-05-20 08:02:45,201 [INFO] STEP 4/4: Embedding Generation
2026-05-20 08:02:45,201 [INFO] ============================================================
2026-05-20 08:02:45,201 [INFO] --- Starting: Embedding ---
2026-05-20 08:02:46,162 [INFO] Embedding completed in 0.96s
2026-05-20 08:02:46,162 [INFO]   Processing: hdfc_mid_cap_fund_direct_growth_chunked.json
2026-05-20 08:02:46,162 [INFO]     Chunks processed: 5
2026-05-20 08:02:46,162 [INFO]     Embedding dim: 384
2026-05-20 08:02:46,162 [INFO]   Processing: hdfc_large_cap_fund_direct_growth_chunked.json
2026-05-20 08:02:46,162 [INFO]     Chunks processed: 4
2026-05-20 08:02:46,162 [INFO]     Embedding dim: 384
2026-05-20 08:02:46,162 [INFO]   
2026-05-20 08:02:46,162 [INFO]   ============================================================
2026-05-20 08:02:46,162 [INFO]   Processing Complete
2026-05-20 08:02:46,162 [INFO]   ============================================================
2026-05-20 08:02:46,162 [INFO]   Files processed: 5
2026-05-20 08:02:46,162 [INFO]   Total chunks indexed: 21
2026-05-20 08:02:46,162 [INFO]   Total vectors in DB: 21
2026-05-20 08:02:46,163 [INFO]   
2026-05-20 08:02:46,163 [INFO]   Vector database saved to: /home/runner/work/m2-mutualFunds-RAGchatbot/m2-mutualFunds-RAGchatbot/phase_3/vector_db
2026-05-20 08:02:46,163 [INFO] Report saved to /home/runner/work/m2-mutualFunds-RAGchatbot/m2-mutualFunds-RAGchatbot/logs/scheduler_report.json
2026-05-20 08:02:46,163 [INFO] ============================================================
2026-05-20 08:02:46,163 [INFO] ALL STEPS COMPLETE
2026-05-20 08:02:46,163 [INFO] ============================================================
