2026-07-11 06:35:41,483 [INFO] ============================================================
2026-07-11 06:35:41,483 [INFO] STEP 1/4: Web Scraping
2026-07-11 06:35:41,483 [INFO] ============================================================
2026-07-11 06:35:41,483 [INFO] --- Starting: Scraper ---
2026-07-11 06:35:43,609 [INFO] Scraper completed in 2.13s
2026-07-11 06:35:43,610 [INFO]   Total URLs: 5
2026-07-11 06:35:43,610 [INFO]   Successful: 5
2026-07-11 06:35:43,610 [INFO]   Failed: 0
2026-07-11 06:35:43,610 [INFO]   From Cache: 5
2026-07-11 06:35:43,610 [INFO]   ==================================================
2026-07-11 06:35:43,610 [INFO]   ✓ https://groww.in/mutual-funds/hdfc-mid-cap-fund-direct-growth
2026-07-11 06:35:43,610 [INFO]     Text length: 18857 characters
2026-07-11 06:35:43,610 [INFO]   ✓ https://groww.in/mutual-funds/hdfc-equity-fund-direct-growth
2026-07-11 06:35:43,610 [INFO]     Text length: 18878 characters
2026-07-11 06:35:43,610 [INFO]   ✓ https://groww.in/mutual-funds/hdfc-focused-fund-direct-growth
2026-07-11 06:35:43,610 [INFO]     Text length: 17055 characters
2026-07-11 06:35:43,610 [INFO]   ✓ https://groww.in/mutual-funds/hdfc-elss-tax-saver-fund-direct-plan-growth
2026-07-11 06:35:43,610 [INFO]     Text length: 17962 characters
2026-07-11 06:35:43,610 [INFO]   ✓ https://groww.in/mutual-funds/hdfc-large-cap-fund-direct-growth
2026-07-11 06:35:43,610 [INFO]     Text length: 17529 characters
2026-07-11 06:35:43,610 [INFO] ============================================================
2026-07-11 06:35:43,611 [INFO] STEP 2/4: Content Extraction
2026-07-11 06:35:43,611 [INFO] ============================================================
2026-07-11 06:35:43,611 [INFO] --- Starting: Content Extraction ---
2026-07-11 06:35:44,113 [INFO] Content Extraction completed in 0.5s
2026-07-11 06:35:44,113 [INFO]     Saved: hdfc_large_cap_fund_direct_growth.json
2026-07-11 06:35:44,113 [INFO]     Size: 3775 characters
2026-07-11 06:35:44,113 [INFO]   Processing: hdfc_elss_tax_saver_fund_direct_plan_growth.html
2026-07-11 06:35:44,113 [INFO]     Saved: hdfc_elss_tax_saver_fund_direct_plan_growth.json
2026-07-11 06:35:44,113 [INFO]     Size: 4592 characters
2026-07-11 06:35:44,113 [INFO]   
2026-07-11 06:35:44,113 [INFO]   ============================================================
2026-07-11 06:35:44,113 [INFO]   Processing Complete
2026-07-11 06:35:44,113 [INFO]   ============================================================
2026-07-11 06:35:44,113 [INFO]   Total files processed: 5
2026-07-11 06:35:44,113 [INFO]   Total original size: 1,939,162 characters
2026-07-11 06:35:44,114 [INFO]   Total cleaned size: 22,525 characters
2026-07-11 06:35:44,114 [INFO]   Reduction: 98.8%
2026-07-11 06:35:44,114 [INFO]   
2026-07-11 06:35:44,114 [INFO]   Extracted JSON files saved to: /home/runner/work/m2-mutualFunds-RAGchatbot/m2-mutualFunds-RAGchatbot/phase_2/scraped-data/extracted_json
2026-07-11 06:35:44,114 [INFO] ============================================================
2026-07-11 06:35:44,114 [INFO] STEP 3/4: Document Chunking
2026-07-11 06:35:44,114 [INFO] ============================================================
2026-07-11 06:35:44,114 [INFO] --- Starting: Chunking ---
2026-07-11 06:35:44,167 [INFO] Chunking completed in 0.05s
2026-07-11 06:35:44,167 [INFO]     Saved: hdfc_equity_fund_direct_growth_chunked.json
2026-07-11 06:35:44,167 [INFO]     Chunks: 7
2026-07-11 06:35:44,167 [INFO]     Valid chunks: 1
2026-07-11 06:35:44,167 [INFO]     Avg quality: 0.83
2026-07-11 06:35:44,167 [INFO]   
2026-07-11 06:35:44,167 [INFO]   ============================================================
2026-07-11 06:35:44,167 [INFO]   Processing Complete
2026-07-11 06:35:44,168 [INFO]   ============================================================
2026-07-11 06:35:44,168 [INFO]   Total files processed: 5
2026-07-11 06:35:44,168 [INFO]   Total chunks generated: 29
2026-07-11 06:35:44,168 [INFO]   Valid chunks: 1
2026-07-11 06:35:44,168 [INFO]   Invalid chunks: 28
2026-07-11 06:35:44,168 [INFO]   Average quality score: 0.81
2026-07-11 06:35:44,168 [INFO]   
2026-07-11 06:35:44,168 [INFO]   Chunked JSON files saved to: /home/runner/work/m2-mutualFunds-RAGchatbot/m2-mutualFunds-RAGchatbot/phase_2/scraped-data/chunked_json
2026-07-11 06:35:44,168 [INFO] ============================================================
2026-07-11 06:35:44,168 [INFO] STEP 4/4: Embedding Generation
2026-07-11 06:35:44,168 [INFO] ============================================================
2026-07-11 06:35:44,168 [INFO] --- Starting: Embedding ---
2026-07-11 06:35:45,781 [INFO] Embedding completed in 1.61s
2026-07-11 06:35:45,781 [INFO]   Processing: hdfc_mid_cap_fund_direct_growth_chunked.json
2026-07-11 06:35:45,781 [INFO]     Chunks processed: 7
2026-07-11 06:35:45,781 [INFO]     Embedding dim: 384
2026-07-11 06:35:45,781 [INFO]   Processing: hdfc_equity_fund_direct_growth_chunked.json
2026-07-11 06:35:45,781 [INFO]     Chunks processed: 7
2026-07-11 06:35:45,781 [INFO]     Embedding dim: 384
2026-07-11 06:35:45,781 [INFO]   
2026-07-11 06:35:45,781 [INFO]   ============================================================
2026-07-11 06:35:45,781 [INFO]   Processing Complete
2026-07-11 06:35:45,781 [INFO]   ============================================================
2026-07-11 06:35:45,781 [INFO]   Files processed: 5
2026-07-11 06:35:45,781 [INFO]   Total chunks indexed: 29
2026-07-11 06:35:45,781 [INFO]   Total vectors in DB: 29
2026-07-11 06:35:45,781 [INFO]   
2026-07-11 06:35:45,781 [INFO]   Vector database saved to: /home/runner/work/m2-mutualFunds-RAGchatbot/m2-mutualFunds-RAGchatbot/phase_3/vector_db
2026-07-11 06:35:45,782 [INFO] Report saved to /home/runner/work/m2-mutualFunds-RAGchatbot/m2-mutualFunds-RAGchatbot/logs/scheduler_report.json
2026-07-11 06:35:45,782 [INFO] ============================================================
2026-07-11 06:35:45,782 [INFO] ALL STEPS COMPLETE
2026-07-11 06:35:45,782 [INFO] ============================================================
