2026-07-15 06:37:04,070 [INFO] ============================================================
2026-07-15 06:37:04,070 [INFO] STEP 1/4: Web Scraping
2026-07-15 06:37:04,070 [INFO] ============================================================
2026-07-15 06:37:04,070 [INFO] --- Starting: Scraper ---
2026-07-15 06:37:05,979 [INFO] Scraper completed in 1.91s
2026-07-15 06:37:05,979 [INFO]   Total URLs: 5
2026-07-15 06:37:05,979 [INFO]   Successful: 5
2026-07-15 06:37:05,979 [INFO]   Failed: 0
2026-07-15 06:37:05,979 [INFO]   From Cache: 0
2026-07-15 06:37:05,979 [INFO]   ==================================================
2026-07-15 06:37:05,979 [INFO]   ✓ https://groww.in/mutual-funds/hdfc-mid-cap-fund-direct-growth
2026-07-15 06:37:05,979 [INFO]     Text length: 18907 characters
2026-07-15 06:37:05,979 [INFO]   ✓ https://groww.in/mutual-funds/hdfc-equity-fund-direct-growth
2026-07-15 06:37:05,979 [INFO]     Text length: 19096 characters
2026-07-15 06:37:05,979 [INFO]   ✓ https://groww.in/mutual-funds/hdfc-focused-fund-direct-growth
2026-07-15 06:37:05,979 [INFO]     Text length: 17103 characters
2026-07-15 06:37:05,979 [INFO]   ✓ https://groww.in/mutual-funds/hdfc-elss-tax-saver-fund-direct-plan-growth
2026-07-15 06:37:05,979 [INFO]     Text length: 18117 characters
2026-07-15 06:37:05,979 [INFO]   ✓ https://groww.in/mutual-funds/hdfc-large-cap-fund-direct-growth
2026-07-15 06:37:05,979 [INFO]     Text length: 17590 characters
2026-07-15 06:37:05,979 [INFO] ============================================================
2026-07-15 06:37:05,979 [INFO] STEP 2/4: Content Extraction
2026-07-15 06:37:05,979 [INFO] ============================================================
2026-07-15 06:37:05,979 [INFO] --- Starting: Content Extraction ---
2026-07-15 06:37:06,311 [INFO] Content Extraction completed in 0.33s
2026-07-15 06:37:06,311 [INFO]     Saved: hdfc_large_cap_fund_direct_growth.json
2026-07-15 06:37:06,311 [INFO]     Size: 3786 characters
2026-07-15 06:37:06,311 [INFO]   Processing: hdfc_elss_tax_saver_fund_direct_plan_growth.html
2026-07-15 06:37:06,311 [INFO]     Saved: hdfc_elss_tax_saver_fund_direct_plan_growth.json
2026-07-15 06:37:06,311 [INFO]     Size: 4707 characters
2026-07-15 06:37:06,311 [INFO]   
2026-07-15 06:37:06,311 [INFO]   ============================================================
2026-07-15 06:37:06,311 [INFO]   Processing Complete
2026-07-15 06:37:06,311 [INFO]   ============================================================
2026-07-15 06:37:06,311 [INFO]   Total files processed: 5
2026-07-15 06:37:06,311 [INFO]   Total original size: 1,982,298 characters
2026-07-15 06:37:06,311 [INFO]   Total cleaned size: 22,832 characters
2026-07-15 06:37:06,311 [INFO]   Reduction: 98.8%
2026-07-15 06:37:06,311 [INFO]   
2026-07-15 06:37:06,311 [INFO]   Extracted JSON files saved to: /home/runner/work/m2-mutualFunds-RAGchatbot/m2-mutualFunds-RAGchatbot/phase_2/scraped-data/extracted_json
2026-07-15 06:37:06,311 [INFO] ============================================================
2026-07-15 06:37:06,311 [INFO] STEP 3/4: Document Chunking
2026-07-15 06:37:06,311 [INFO] ============================================================
2026-07-15 06:37:06,311 [INFO] --- Starting: Chunking ---
2026-07-15 06:37:06,357 [INFO] Chunking completed in 0.05s
2026-07-15 06:37:06,357 [INFO]     Saved: hdfc_equity_fund_direct_growth_chunked.json
2026-07-15 06:37:06,357 [INFO]     Chunks: 7
2026-07-15 06:37:06,357 [INFO]     Valid chunks: 1
2026-07-15 06:37:06,357 [INFO]     Avg quality: 0.83
2026-07-15 06:37:06,357 [INFO]   
2026-07-15 06:37:06,357 [INFO]   ============================================================
2026-07-15 06:37:06,357 [INFO]   Processing Complete
2026-07-15 06:37:06,357 [INFO]   ============================================================
2026-07-15 06:37:06,357 [INFO]   Total files processed: 5
2026-07-15 06:37:06,357 [INFO]   Total chunks generated: 28
2026-07-15 06:37:06,357 [INFO]   Valid chunks: 1
2026-07-15 06:37:06,357 [INFO]   Invalid chunks: 27
2026-07-15 06:37:06,357 [INFO]   Average quality score: 0.81
2026-07-15 06:37:06,357 [INFO]   
2026-07-15 06:37:06,357 [INFO]   Chunked JSON files saved to: /home/runner/work/m2-mutualFunds-RAGchatbot/m2-mutualFunds-RAGchatbot/phase_2/scraped-data/chunked_json
2026-07-15 06:37:06,357 [INFO] ============================================================
2026-07-15 06:37:06,357 [INFO] STEP 4/4: Embedding Generation
2026-07-15 06:37:06,357 [INFO] ============================================================
2026-07-15 06:37:06,357 [INFO] --- Starting: Embedding ---
2026-07-15 06:37:08,631 [INFO] Embedding completed in 2.27s
2026-07-15 06:37:08,631 [INFO]   Processing: hdfc_mid_cap_fund_direct_growth_chunked.json
2026-07-15 06:37:08,631 [INFO]     Chunks processed: 7
2026-07-15 06:37:08,631 [INFO]     Embedding dim: 384
2026-07-15 06:37:08,631 [INFO]   Processing: hdfc_equity_fund_direct_growth_chunked.json
2026-07-15 06:37:08,631 [INFO]     Chunks processed: 7
2026-07-15 06:37:08,631 [INFO]     Embedding dim: 384
2026-07-15 06:37:08,631 [INFO]   
2026-07-15 06:37:08,631 [INFO]   ============================================================
2026-07-15 06:37:08,631 [INFO]   Processing Complete
2026-07-15 06:37:08,631 [INFO]   ============================================================
2026-07-15 06:37:08,631 [INFO]   Files processed: 5
2026-07-15 06:37:08,631 [INFO]   Total chunks indexed: 28
2026-07-15 06:37:08,631 [INFO]   Total vectors in DB: 29
2026-07-15 06:37:08,631 [INFO]   
2026-07-15 06:37:08,631 [INFO]   Vector database saved to: /home/runner/work/m2-mutualFunds-RAGchatbot/m2-mutualFunds-RAGchatbot/phase_3/vector_db
2026-07-15 06:37:08,632 [INFO] Report saved to /home/runner/work/m2-mutualFunds-RAGchatbot/m2-mutualFunds-RAGchatbot/logs/scheduler_report.json
2026-07-15 06:37:08,632 [INFO] ============================================================
2026-07-15 06:37:08,632 [INFO] ALL STEPS COMPLETE
2026-07-15 06:37:08,632 [INFO] ============================================================
