2026-06-20 08:03:48,768 [INFO] ============================================================
2026-06-20 08:03:48,769 [INFO] STEP 1/4: Web Scraping
2026-06-20 08:03:48,769 [INFO] ============================================================
2026-06-20 08:03:48,769 [INFO] --- Starting: Scraper ---
2026-06-20 08:03:50,481 [INFO] Scraper completed in 1.71s
2026-06-20 08:03:50,481 [INFO]   Total URLs: 5
2026-06-20 08:03:50,481 [INFO]   Successful: 5
2026-06-20 08:03:50,481 [INFO]   Failed: 0
2026-06-20 08:03:50,481 [INFO]   From Cache: 5
2026-06-20 08:03:50,481 [INFO]   ==================================================
2026-06-20 08:03:50,481 [INFO]   ✓ https://groww.in/mutual-funds/hdfc-mid-cap-fund-direct-growth
2026-06-20 08:03:50,481 [INFO]     Text length: 18854 characters
2026-06-20 08:03:50,481 [INFO]   ✓ https://groww.in/mutual-funds/hdfc-equity-fund-direct-growth
2026-06-20 08:03:50,481 [INFO]     Text length: 18870 characters
2026-06-20 08:03:50,481 [INFO]   ✓ https://groww.in/mutual-funds/hdfc-focused-fund-direct-growth
2026-06-20 08:03:50,481 [INFO]     Text length: 17050 characters
2026-06-20 08:03:50,481 [INFO]   ✓ https://groww.in/mutual-funds/hdfc-elss-tax-saver-fund-direct-plan-growth
2026-06-20 08:03:50,481 [INFO]     Text length: 17963 characters
2026-06-20 08:03:50,481 [INFO]   ✓ https://groww.in/mutual-funds/hdfc-large-cap-fund-direct-growth
2026-06-20 08:03:50,481 [INFO]     Text length: 17527 characters
2026-06-20 08:03:50,481 [INFO] ============================================================
2026-06-20 08:03:50,481 [INFO] STEP 2/4: Content Extraction
2026-06-20 08:03:50,481 [INFO] ============================================================
2026-06-20 08:03:50,481 [INFO] --- Starting: Content Extraction ---
2026-06-20 08:03:50,940 [INFO] Content Extraction completed in 0.46s
2026-06-20 08:03:50,940 [INFO]     Saved: hdfc_large_cap_fund_direct_growth.json
2026-06-20 08:03:50,940 [INFO]     Size: 3774 characters
2026-06-20 08:03:50,940 [INFO]   Processing: hdfc_elss_tax_saver_fund_direct_plan_growth.html
2026-06-20 08:03:50,940 [INFO]     Saved: hdfc_elss_tax_saver_fund_direct_plan_growth.json
2026-06-20 08:03:50,940 [INFO]     Size: 4593 characters
2026-06-20 08:03:50,940 [INFO]   
2026-06-20 08:03:50,940 [INFO]   ============================================================
2026-06-20 08:03:50,941 [INFO]   Processing Complete
2026-06-20 08:03:50,941 [INFO]   ============================================================
2026-06-20 08:03:50,941 [INFO]   Total files processed: 5
2026-06-20 08:03:50,941 [INFO]   Total original size: 1,931,518 characters
2026-06-20 08:03:50,941 [INFO]   Total cleaned size: 22,513 characters
2026-06-20 08:03:50,941 [INFO]   Reduction: 98.8%
2026-06-20 08:03:50,941 [INFO]   
2026-06-20 08:03:50,941 [INFO]   Extracted JSON files saved to: /home/runner/work/m2-mutualFunds-RAGchatbot/m2-mutualFunds-RAGchatbot/phase_2/scraped-data/extracted_json
2026-06-20 08:03:50,941 [INFO] ============================================================
2026-06-20 08:03:50,941 [INFO] STEP 3/4: Document Chunking
2026-06-20 08:03:50,941 [INFO] ============================================================
2026-06-20 08:03:50,941 [INFO] --- Starting: Chunking ---
2026-06-20 08:03:50,999 [INFO] Chunking completed in 0.06s
2026-06-20 08:03:51,000 [INFO]     Saved: hdfc_equity_fund_direct_growth_chunked.json
2026-06-20 08:03:51,000 [INFO]     Chunks: 7
2026-06-20 08:03:51,000 [INFO]     Valid chunks: 1
2026-06-20 08:03:51,000 [INFO]     Avg quality: 0.83
2026-06-20 08:03:51,000 [INFO]   
2026-06-20 08:03:51,000 [INFO]   ============================================================
2026-06-20 08:03:51,000 [INFO]   Processing Complete
2026-06-20 08:03:51,000 [INFO]   ============================================================
2026-06-20 08:03:51,000 [INFO]   Total files processed: 5
2026-06-20 08:03:51,000 [INFO]   Total chunks generated: 29
2026-06-20 08:03:51,000 [INFO]   Valid chunks: 1
2026-06-20 08:03:51,000 [INFO]   Invalid chunks: 28
2026-06-20 08:03:51,000 [INFO]   Average quality score: 0.81
2026-06-20 08:03:51,000 [INFO]   
2026-06-20 08:03:51,000 [INFO]   Chunked JSON files saved to: /home/runner/work/m2-mutualFunds-RAGchatbot/m2-mutualFunds-RAGchatbot/phase_2/scraped-data/chunked_json
2026-06-20 08:03:51,000 [INFO] ============================================================
2026-06-20 08:03:51,000 [INFO] STEP 4/4: Embedding Generation
2026-06-20 08:03:51,000 [INFO] ============================================================
2026-06-20 08:03:51,000 [INFO] --- Starting: Embedding ---
2026-06-20 08:03:52,265 [INFO] Embedding completed in 1.26s
2026-06-20 08:03:52,265 [INFO]   Processing: hdfc_mid_cap_fund_direct_growth_chunked.json
2026-06-20 08:03:52,265 [INFO]     Chunks processed: 7
2026-06-20 08:03:52,265 [INFO]     Embedding dim: 384
2026-06-20 08:03:52,265 [INFO]   Processing: hdfc_equity_fund_direct_growth_chunked.json
2026-06-20 08:03:52,265 [INFO]     Chunks processed: 7
2026-06-20 08:03:52,266 [INFO]     Embedding dim: 384
2026-06-20 08:03:52,266 [INFO]   
2026-06-20 08:03:52,266 [INFO]   ============================================================
2026-06-20 08:03:52,266 [INFO]   Processing Complete
2026-06-20 08:03:52,266 [INFO]   ============================================================
2026-06-20 08:03:52,266 [INFO]   Files processed: 5
2026-06-20 08:03:52,266 [INFO]   Total chunks indexed: 29
2026-06-20 08:03:52,266 [INFO]   Total vectors in DB: 29
2026-06-20 08:03:52,266 [INFO]   
2026-06-20 08:03:52,266 [INFO]   Vector database saved to: /home/runner/work/m2-mutualFunds-RAGchatbot/m2-mutualFunds-RAGchatbot/phase_3/vector_db
2026-06-20 08:03:52,266 [INFO] Report saved to /home/runner/work/m2-mutualFunds-RAGchatbot/m2-mutualFunds-RAGchatbot/logs/scheduler_report.json
2026-06-20 08:03:52,266 [INFO] ============================================================
2026-06-20 08:03:52,266 [INFO] ALL STEPS COMPLETE
2026-06-20 08:03:52,266 [INFO] ============================================================
