2026-06-24 08:00:10,025 [INFO] ============================================================
2026-06-24 08:00:10,025 [INFO] STEP 1/4: Web Scraping
2026-06-24 08:00:10,025 [INFO] ============================================================
2026-06-24 08:00:10,025 [INFO] --- Starting: Scraper ---
2026-06-24 08:00:12,905 [INFO] Scraper completed in 2.88s
2026-06-24 08:00:12,905 [INFO]   Total URLs: 5
2026-06-24 08:00:12,905 [INFO]   Successful: 5
2026-06-24 08:00:12,905 [INFO]   Failed: 0
2026-06-24 08:00:12,905 [INFO]   From Cache: 0
2026-06-24 08:00:12,905 [INFO]   ==================================================
2026-06-24 08:00:12,905 [INFO]   ✓ https://groww.in/mutual-funds/hdfc-mid-cap-fund-direct-growth
2026-06-24 08:00:12,905 [INFO]     Text length: 18855 characters
2026-06-24 08:00:12,905 [INFO]   ✓ https://groww.in/mutual-funds/hdfc-equity-fund-direct-growth
2026-06-24 08:00:12,905 [INFO]     Text length: 18871 characters
2026-06-24 08:00:12,905 [INFO]   ✓ https://groww.in/mutual-funds/hdfc-focused-fund-direct-growth
2026-06-24 08:00:12,905 [INFO]     Text length: 17051 characters
2026-06-24 08:00:12,905 [INFO]   ✓ https://groww.in/mutual-funds/hdfc-elss-tax-saver-fund-direct-plan-growth
2026-06-24 08:00:12,905 [INFO]     Text length: 17963 characters
2026-06-24 08:00:12,906 [INFO]   ✓ https://groww.in/mutual-funds/hdfc-large-cap-fund-direct-growth
2026-06-24 08:00:12,906 [INFO]     Text length: 17529 characters
2026-06-24 08:00:12,906 [INFO] ============================================================
2026-06-24 08:00:12,906 [INFO] STEP 2/4: Content Extraction
2026-06-24 08:00:12,906 [INFO] ============================================================
2026-06-24 08:00:12,906 [INFO] --- Starting: Content Extraction ---
2026-06-24 08:00:13,424 [INFO] Content Extraction completed in 0.52s
2026-06-24 08:00:13,424 [INFO]     Saved: hdfc_large_cap_fund_direct_growth.json
2026-06-24 08:00:13,424 [INFO]     Size: 3775 characters
2026-06-24 08:00:13,425 [INFO]   Processing: hdfc_elss_tax_saver_fund_direct_plan_growth.html
2026-06-24 08:00:13,425 [INFO]     Saved: hdfc_elss_tax_saver_fund_direct_plan_growth.json
2026-06-24 08:00:13,425 [INFO]     Size: 4592 characters
2026-06-24 08:00:13,425 [INFO]   
2026-06-24 08:00:13,425 [INFO]   ============================================================
2026-06-24 08:00:13,425 [INFO]   Processing Complete
2026-06-24 08:00:13,425 [INFO]   ============================================================
2026-06-24 08:00:13,425 [INFO]   Total files processed: 5
2026-06-24 08:00:13,425 [INFO]   Total original size: 1,934,693 characters
2026-06-24 08:00:13,425 [INFO]   Total cleaned size: 22,513 characters
2026-06-24 08:00:13,425 [INFO]   Reduction: 98.8%
2026-06-24 08:00:13,425 [INFO]   
2026-06-24 08:00:13,425 [INFO]   Extracted JSON files saved to: /home/runner/work/m2-mutualFunds-RAGchatbot/m2-mutualFunds-RAGchatbot/phase_2/scraped-data/extracted_json
2026-06-24 08:00:13,425 [INFO] ============================================================
2026-06-24 08:00:13,425 [INFO] STEP 3/4: Document Chunking
2026-06-24 08:00:13,425 [INFO] ============================================================
2026-06-24 08:00:13,425 [INFO] --- Starting: Chunking ---
2026-06-24 08:00:13,477 [INFO] Chunking completed in 0.05s
2026-06-24 08:00:13,477 [INFO]     Saved: hdfc_equity_fund_direct_growth_chunked.json
2026-06-24 08:00:13,477 [INFO]     Chunks: 7
2026-06-24 08:00:13,477 [INFO]     Valid chunks: 1
2026-06-24 08:00:13,477 [INFO]     Avg quality: 0.83
2026-06-24 08:00:13,477 [INFO]   
2026-06-24 08:00:13,477 [INFO]   ============================================================
2026-06-24 08:00:13,477 [INFO]   Processing Complete
2026-06-24 08:00:13,477 [INFO]   ============================================================
2026-06-24 08:00:13,477 [INFO]   Total files processed: 5
2026-06-24 08:00:13,477 [INFO]   Total chunks generated: 29
2026-06-24 08:00:13,478 [INFO]   Valid chunks: 1
2026-06-24 08:00:13,478 [INFO]   Invalid chunks: 28
2026-06-24 08:00:13,478 [INFO]   Average quality score: 0.81
2026-06-24 08:00:13,478 [INFO]   
2026-06-24 08:00:13,478 [INFO]   Chunked JSON files saved to: /home/runner/work/m2-mutualFunds-RAGchatbot/m2-mutualFunds-RAGchatbot/phase_2/scraped-data/chunked_json
2026-06-24 08:00:13,478 [INFO] ============================================================
2026-06-24 08:00:13,478 [INFO] STEP 4/4: Embedding Generation
2026-06-24 08:00:13,478 [INFO] ============================================================
2026-06-24 08:00:13,478 [INFO] --- Starting: Embedding ---
2026-06-24 08:00:14,565 [INFO] Embedding completed in 1.09s
2026-06-24 08:00:14,565 [INFO]   Processing: hdfc_mid_cap_fund_direct_growth_chunked.json
2026-06-24 08:00:14,565 [INFO]     Chunks processed: 7
2026-06-24 08:00:14,565 [INFO]     Embedding dim: 384
2026-06-24 08:00:14,565 [INFO]   Processing: hdfc_equity_fund_direct_growth_chunked.json
2026-06-24 08:00:14,565 [INFO]     Chunks processed: 7
2026-06-24 08:00:14,565 [INFO]     Embedding dim: 384
2026-06-24 08:00:14,565 [INFO]   
2026-06-24 08:00:14,565 [INFO]   ============================================================
2026-06-24 08:00:14,565 [INFO]   Processing Complete
2026-06-24 08:00:14,566 [INFO]   ============================================================
2026-06-24 08:00:14,566 [INFO]   Files processed: 5
2026-06-24 08:00:14,566 [INFO]   Total chunks indexed: 29
2026-06-24 08:00:14,566 [INFO]   Total vectors in DB: 29
2026-06-24 08:00:14,566 [INFO]   
2026-06-24 08:00:14,566 [INFO]   Vector database saved to: /home/runner/work/m2-mutualFunds-RAGchatbot/m2-mutualFunds-RAGchatbot/phase_3/vector_db
2026-06-24 08:00:14,566 [INFO] Report saved to /home/runner/work/m2-mutualFunds-RAGchatbot/m2-mutualFunds-RAGchatbot/logs/scheduler_report.json
2026-06-24 08:00:14,566 [INFO] ============================================================
2026-06-24 08:00:14,566 [INFO] ALL STEPS COMPLETE
2026-06-24 08:00:14,566 [INFO] ============================================================
