2026-06-11 09:00:26,264 [INFO] ============================================================
2026-06-11 09:00:26,265 [INFO] STEP 1/4: Web Scraping
2026-06-11 09:00:26,265 [INFO] ============================================================
2026-06-11 09:00:26,265 [INFO] --- Starting: Scraper ---
2026-06-11 09:00:29,969 [INFO] Scraper completed in 3.7s
2026-06-11 09:00:29,969 [INFO]   Total URLs: 5
2026-06-11 09:00:29,969 [INFO]   Successful: 5
2026-06-11 09:00:29,969 [INFO]   Failed: 0
2026-06-11 09:00:29,969 [INFO]   From Cache: 0
2026-06-11 09:00:29,969 [INFO]   ==================================================
2026-06-11 09:00:29,969 [INFO]   ✓ https://groww.in/mutual-funds/hdfc-mid-cap-fund-direct-growth
2026-06-11 09:00:29,969 [INFO]     Text length: 18898 characters
2026-06-11 09:00:29,969 [INFO]   ✓ https://groww.in/mutual-funds/hdfc-equity-fund-direct-growth
2026-06-11 09:00:29,969 [INFO]     Text length: 18619 characters
2026-06-11 09:00:29,969 [INFO]   ✓ https://groww.in/mutual-funds/hdfc-focused-fund-direct-growth
2026-06-11 09:00:29,969 [INFO]     Text length: 17053 characters
2026-06-11 09:00:29,969 [INFO]   ✓ https://groww.in/mutual-funds/hdfc-elss-tax-saver-fund-direct-plan-growth
2026-06-11 09:00:29,969 [INFO]     Text length: 17924 characters
2026-06-11 09:00:29,969 [INFO]   ✓ https://groww.in/mutual-funds/hdfc-large-cap-fund-direct-growth
2026-06-11 09:00:29,970 [INFO]     Text length: 17543 characters
2026-06-11 09:00:29,970 [INFO] ============================================================
2026-06-11 09:00:29,970 [INFO] STEP 2/4: Content Extraction
2026-06-11 09:00:29,970 [INFO] ============================================================
2026-06-11 09:00:29,970 [INFO] --- Starting: Content Extraction ---
2026-06-11 09:00:30,408 [INFO] Content Extraction completed in 0.44s
2026-06-11 09:00:30,408 [INFO]     Saved: hdfc_large_cap_fund_direct_growth.json
2026-06-11 09:00:30,408 [INFO]     Size: 3789 characters
2026-06-11 09:00:30,408 [INFO]   Processing: hdfc_elss_tax_saver_fund_direct_plan_growth.html
2026-06-11 09:00:30,408 [INFO]     Saved: hdfc_elss_tax_saver_fund_direct_plan_growth.json
2026-06-11 09:00:30,408 [INFO]     Size: 4548 characters
2026-06-11 09:00:30,408 [INFO]   
2026-06-11 09:00:30,408 [INFO]   ============================================================
2026-06-11 09:00:30,408 [INFO]   Processing Complete
2026-06-11 09:00:30,408 [INFO]   ============================================================
2026-06-11 09:00:30,408 [INFO]   Total files processed: 5
2026-06-11 09:00:30,408 [INFO]   Total original size: 1,918,971 characters
2026-06-11 09:00:30,408 [INFO]   Total cleaned size: 22,261 characters
2026-06-11 09:00:30,408 [INFO]   Reduction: 98.8%
2026-06-11 09:00:30,408 [INFO]   
2026-06-11 09:00:30,408 [INFO]   Extracted JSON files saved to: /home/runner/work/m2-mutualFunds-RAGchatbot/m2-mutualFunds-RAGchatbot/phase_2/scraped-data/extracted_json
2026-06-11 09:00:30,408 [INFO] ============================================================
2026-06-11 09:00:30,408 [INFO] STEP 3/4: Document Chunking
2026-06-11 09:00:30,409 [INFO] ============================================================
2026-06-11 09:00:30,409 [INFO] --- Starting: Chunking ---
2026-06-11 09:00:30,466 [INFO] Chunking completed in 0.06s
2026-06-11 09:00:30,466 [INFO]     Saved: hdfc_equity_fund_direct_growth_chunked.json
2026-06-11 09:00:30,466 [INFO]     Chunks: 6
2026-06-11 09:00:30,466 [INFO]     Valid chunks: 1
2026-06-11 09:00:30,466 [INFO]     Avg quality: 0.83
2026-06-11 09:00:30,466 [INFO]   
2026-06-11 09:00:30,466 [INFO]   ============================================================
2026-06-11 09:00:30,466 [INFO]   Processing Complete
2026-06-11 09:00:30,466 [INFO]   ============================================================
2026-06-11 09:00:30,466 [INFO]   Total files processed: 5
2026-06-11 09:00:30,466 [INFO]   Total chunks generated: 28
2026-06-11 09:00:30,466 [INFO]   Valid chunks: 1
2026-06-11 09:00:30,466 [INFO]   Invalid chunks: 27
2026-06-11 09:00:30,466 [INFO]   Average quality score: 0.81
2026-06-11 09:00:30,466 [INFO]   
2026-06-11 09:00:30,466 [INFO]   Chunked JSON files saved to: /home/runner/work/m2-mutualFunds-RAGchatbot/m2-mutualFunds-RAGchatbot/phase_2/scraped-data/chunked_json
2026-06-11 09:00:30,466 [INFO] ============================================================
2026-06-11 09:00:30,466 [INFO] STEP 4/4: Embedding Generation
2026-06-11 09:00:30,466 [INFO] ============================================================
2026-06-11 09:00:30,466 [INFO] --- Starting: Embedding ---
2026-06-11 09:00:32,333 [INFO] Embedding completed in 1.87s
2026-06-11 09:00:32,333 [INFO]   Processing: hdfc_mid_cap_fund_direct_growth_chunked.json
2026-06-11 09:00:32,333 [INFO]     Chunks processed: 7
2026-06-11 09:00:32,333 [INFO]     Embedding dim: 384
2026-06-11 09:00:32,333 [INFO]   Processing: hdfc_equity_fund_direct_growth_chunked.json
2026-06-11 09:00:32,333 [INFO]     Chunks processed: 6
2026-06-11 09:00:32,333 [INFO]     Embedding dim: 384
2026-06-11 09:00:32,333 [INFO]   
2026-06-11 09:00:32,333 [INFO]   ============================================================
2026-06-11 09:00:32,333 [INFO]   Processing Complete
2026-06-11 09:00:32,333 [INFO]   ============================================================
2026-06-11 09:00:32,333 [INFO]   Files processed: 5
2026-06-11 09:00:32,333 [INFO]   Total chunks indexed: 28
2026-06-11 09:00:32,333 [INFO]   Total vectors in DB: 28
2026-06-11 09:00:32,333 [INFO]   
2026-06-11 09:00:32,333 [INFO]   Vector database saved to: /home/runner/work/m2-mutualFunds-RAGchatbot/m2-mutualFunds-RAGchatbot/phase_3/vector_db
2026-06-11 09:00:32,334 [INFO] Report saved to /home/runner/work/m2-mutualFunds-RAGchatbot/m2-mutualFunds-RAGchatbot/logs/scheduler_report.json
2026-06-11 09:00:32,334 [INFO] ============================================================
2026-06-11 09:00:32,334 [INFO] ALL STEPS COMPLETE
2026-06-11 09:00:32,334 [INFO] ============================================================
