2026-06-15 10:44:39,489 [INFO] ============================================================
2026-06-15 10:44:39,489 [INFO] STEP 1/4: Web Scraping
2026-06-15 10:44:39,490 [INFO] ============================================================
2026-06-15 10:44:39,490 [INFO] --- Starting: Scraper ---
2026-06-15 10:44:42,401 [INFO] Scraper completed in 2.91s
2026-06-15 10:44:42,401 [INFO]   Total URLs: 5
2026-06-15 10:44:42,401 [INFO]   Successful: 5
2026-06-15 10:44:42,401 [INFO]   Failed: 0
2026-06-15 10:44:42,401 [INFO]   From Cache: 0
2026-06-15 10:44:42,401 [INFO]   ==================================================
2026-06-15 10:44:42,401 [INFO]   ✓ https://groww.in/mutual-funds/hdfc-mid-cap-fund-direct-growth
2026-06-15 10:44:42,402 [INFO]     Text length: 18853 characters
2026-06-15 10:44:42,402 [INFO]   ✓ https://groww.in/mutual-funds/hdfc-equity-fund-direct-growth
2026-06-15 10:44:42,402 [INFO]     Text length: 18870 characters
2026-06-15 10:44:42,402 [INFO]   ✓ https://groww.in/mutual-funds/hdfc-focused-fund-direct-growth
2026-06-15 10:44:42,402 [INFO]     Text length: 17051 characters
2026-06-15 10:44:42,402 [INFO]   ✓ https://groww.in/mutual-funds/hdfc-elss-tax-saver-fund-direct-plan-growth
2026-06-15 10:44:42,402 [INFO]     Text length: 17963 characters
2026-06-15 10:44:42,402 [INFO]   ✓ https://groww.in/mutual-funds/hdfc-large-cap-fund-direct-growth
2026-06-15 10:44:42,402 [INFO]     Text length: 17530 characters
2026-06-15 10:44:42,402 [INFO] ============================================================
2026-06-15 10:44:42,402 [INFO] STEP 2/4: Content Extraction
2026-06-15 10:44:42,402 [INFO] ============================================================
2026-06-15 10:44:42,402 [INFO] --- Starting: Content Extraction ---
2026-06-15 10:44:42,925 [INFO] Content Extraction completed in 0.52s
2026-06-15 10:44:42,926 [INFO]     Saved: hdfc_large_cap_fund_direct_growth.json
2026-06-15 10:44:42,926 [INFO]     Size: 3777 characters
2026-06-15 10:44:42,926 [INFO]   Processing: hdfc_elss_tax_saver_fund_direct_plan_growth.html
2026-06-15 10:44:42,926 [INFO]     Saved: hdfc_elss_tax_saver_fund_direct_plan_growth.json
2026-06-15 10:44:42,926 [INFO]     Size: 4593 characters
2026-06-15 10:44:42,926 [INFO]   
2026-06-15 10:44:42,926 [INFO]   ============================================================
2026-06-15 10:44:42,926 [INFO]   Processing Complete
2026-06-15 10:44:42,926 [INFO]   ============================================================
2026-06-15 10:44:42,926 [INFO]   Total files processed: 5
2026-06-15 10:44:42,926 [INFO]   Total original size: 1,929,194 characters
2026-06-15 10:44:42,926 [INFO]   Total cleaned size: 22,517 characters
2026-06-15 10:44:42,926 [INFO]   Reduction: 98.8%
2026-06-15 10:44:42,926 [INFO]   
2026-06-15 10:44:42,926 [INFO]   Extracted JSON files saved to: /home/runner/work/m2-mutualFunds-RAGchatbot/m2-mutualFunds-RAGchatbot/phase_2/scraped-data/extracted_json
2026-06-15 10:44:42,926 [INFO] ============================================================
2026-06-15 10:44:42,926 [INFO] STEP 3/4: Document Chunking
2026-06-15 10:44:42,926 [INFO] ============================================================
2026-06-15 10:44:42,926 [INFO] --- Starting: Chunking ---
2026-06-15 10:44:42,981 [INFO] Chunking completed in 0.05s
2026-06-15 10:44:42,981 [INFO]     Saved: hdfc_equity_fund_direct_growth_chunked.json
2026-06-15 10:44:42,981 [INFO]     Chunks: 7
2026-06-15 10:44:42,981 [INFO]     Valid chunks: 1
2026-06-15 10:44:42,981 [INFO]     Avg quality: 0.83
2026-06-15 10:44:42,981 [INFO]   
2026-06-15 10:44:42,981 [INFO]   ============================================================
2026-06-15 10:44:42,981 [INFO]   Processing Complete
2026-06-15 10:44:42,981 [INFO]   ============================================================
2026-06-15 10:44:42,981 [INFO]   Total files processed: 5
2026-06-15 10:44:42,982 [INFO]   Total chunks generated: 29
2026-06-15 10:44:42,982 [INFO]   Valid chunks: 1
2026-06-15 10:44:42,982 [INFO]   Invalid chunks: 28
2026-06-15 10:44:42,982 [INFO]   Average quality score: 0.81
2026-06-15 10:44:42,982 [INFO]   
2026-06-15 10:44:42,982 [INFO]   Chunked JSON files saved to: /home/runner/work/m2-mutualFunds-RAGchatbot/m2-mutualFunds-RAGchatbot/phase_2/scraped-data/chunked_json
2026-06-15 10:44:42,982 [INFO] ============================================================
2026-06-15 10:44:42,982 [INFO] STEP 4/4: Embedding Generation
2026-06-15 10:44:42,982 [INFO] ============================================================
2026-06-15 10:44:42,982 [INFO] --- Starting: Embedding ---
2026-06-15 10:44:44,396 [INFO] Embedding completed in 1.41s
2026-06-15 10:44:44,397 [INFO]   Processing: hdfc_mid_cap_fund_direct_growth_chunked.json
2026-06-15 10:44:44,397 [INFO]     Chunks processed: 7
2026-06-15 10:44:44,397 [INFO]     Embedding dim: 384
2026-06-15 10:44:44,397 [INFO]   Processing: hdfc_equity_fund_direct_growth_chunked.json
2026-06-15 10:44:44,397 [INFO]     Chunks processed: 7
2026-06-15 10:44:44,397 [INFO]     Embedding dim: 384
2026-06-15 10:44:44,397 [INFO]   
2026-06-15 10:44:44,397 [INFO]   ============================================================
2026-06-15 10:44:44,397 [INFO]   Processing Complete
2026-06-15 10:44:44,397 [INFO]   ============================================================
2026-06-15 10:44:44,397 [INFO]   Files processed: 5
2026-06-15 10:44:44,397 [INFO]   Total chunks indexed: 29
2026-06-15 10:44:44,397 [INFO]   Total vectors in DB: 29
2026-06-15 10:44:44,397 [INFO]   
2026-06-15 10:44:44,397 [INFO]   Vector database saved to: /home/runner/work/m2-mutualFunds-RAGchatbot/m2-mutualFunds-RAGchatbot/phase_3/vector_db
2026-06-15 10:44:44,398 [INFO] Report saved to /home/runner/work/m2-mutualFunds-RAGchatbot/m2-mutualFunds-RAGchatbot/logs/scheduler_report.json
2026-06-15 10:44:44,398 [INFO] ============================================================
2026-06-15 10:44:44,398 [INFO] ALL STEPS COMPLETE
2026-06-15 10:44:44,398 [INFO] ============================================================
