2026-05-28 08:28:10,775 [INFO] ============================================================
2026-05-28 08:28:10,775 [INFO] STEP 1/4: Web Scraping
2026-05-28 08:28:10,775 [INFO] ============================================================
2026-05-28 08:28:10,775 [INFO] --- Starting: Scraper ---
2026-05-28 08:28:14,658 [INFO] Scraper completed in 3.88s
2026-05-28 08:28:14,659 [INFO]   Total URLs: 5
2026-05-28 08:28:14,659 [INFO]   Successful: 5
2026-05-28 08:28:14,659 [INFO]   Failed: 0
2026-05-28 08:28:14,659 [INFO]   From Cache: 0
2026-05-28 08:28:14,659 [INFO]   ==================================================
2026-05-28 08:28:14,659 [INFO]   ✓ https://groww.in/mutual-funds/hdfc-mid-cap-fund-direct-growth
2026-05-28 08:28:14,659 [INFO]     Text length: 18768 characters
2026-05-28 08:28:14,659 [INFO]   ✓ https://groww.in/mutual-funds/hdfc-equity-fund-direct-growth
2026-05-28 08:28:14,659 [INFO]     Text length: 18258 characters
2026-05-28 08:28:14,659 [INFO]   ✓ https://groww.in/mutual-funds/hdfc-focused-fund-direct-growth
2026-05-28 08:28:14,659 [INFO]     Text length: 16803 characters
2026-05-28 08:28:14,659 [INFO]   ✓ https://groww.in/mutual-funds/hdfc-elss-tax-saver-fund-direct-plan-growth
2026-05-28 08:28:14,659 [INFO]     Text length: 17711 characters
2026-05-28 08:28:14,659 [INFO]   ✓ https://groww.in/mutual-funds/hdfc-large-cap-fund-direct-growth
2026-05-28 08:28:14,659 [INFO]     Text length: 17352 characters
2026-05-28 08:28:14,659 [INFO] ============================================================
2026-05-28 08:28:14,659 [INFO] STEP 2/4: Content Extraction
2026-05-28 08:28:14,659 [INFO] ============================================================
2026-05-28 08:28:14,660 [INFO] --- Starting: Content Extraction ---
2026-05-28 08:28:15,170 [INFO] Content Extraction completed in 0.51s
2026-05-28 08:28:15,170 [INFO]     Saved: hdfc_focused_fund_direct_growth.json
2026-05-28 08:28:15,171 [INFO]     Size: 2828 characters
2026-05-28 08:28:15,171 [INFO]   Processing: hdfc_large_cap_fund_direct_growth.html
2026-05-28 08:28:15,171 [INFO]     Saved: hdfc_large_cap_fund_direct_growth.json
2026-05-28 08:28:15,171 [INFO]     Size: 3358 characters
2026-05-28 08:28:15,171 [INFO]   
2026-05-28 08:28:15,171 [INFO]   ============================================================
2026-05-28 08:28:15,171 [INFO]   Processing Complete
2026-05-28 08:28:15,171 [INFO]   ============================================================
2026-05-28 08:28:15,171 [INFO]   Total files processed: 5
2026-05-28 08:28:15,171 [INFO]   Total original size: 1,909,290 characters
2026-05-28 08:28:15,171 [INFO]   Total cleaned size: 18,069 characters
2026-05-28 08:28:15,171 [INFO]   Reduction: 99.1%
2026-05-28 08:28:15,171 [INFO]   
2026-05-28 08:28:15,171 [INFO]   Extracted JSON files saved to: /home/runner/work/m2-mutualFunds-RAGchatbot/m2-mutualFunds-RAGchatbot/phase_2/scraped-data/extracted_json
2026-05-28 08:28:15,171 [INFO] ============================================================
2026-05-28 08:28:15,171 [INFO] STEP 3/4: Document Chunking
2026-05-28 08:28:15,171 [INFO] ============================================================
2026-05-28 08:28:15,171 [INFO] --- Starting: Chunking ---
2026-05-28 08:28:15,223 [INFO] Chunking completed in 0.05s
2026-05-28 08:28:15,223 [INFO]     Saved: hdfc_equity_fund_direct_growth_chunked.json
2026-05-28 08:28:15,223 [INFO]     Chunks: 5
2026-05-28 08:28:15,223 [INFO]     Valid chunks: 2
2026-05-28 08:28:15,223 [INFO]     Avg quality: 0.88
2026-05-28 08:28:15,223 [INFO]   
2026-05-28 08:28:15,223 [INFO]   ============================================================
2026-05-28 08:28:15,223 [INFO]   Processing Complete
2026-05-28 08:28:15,223 [INFO]   ============================================================
2026-05-28 08:28:15,223 [INFO]   Total files processed: 5
2026-05-28 08:28:15,223 [INFO]   Total chunks generated: 21
2026-05-28 08:28:15,223 [INFO]   Valid chunks: 2
2026-05-28 08:28:15,223 [INFO]   Invalid chunks: 19
2026-05-28 08:28:15,224 [INFO]   Average quality score: 0.82
2026-05-28 08:28:15,224 [INFO]   
2026-05-28 08:28:15,224 [INFO]   Chunked JSON files saved to: /home/runner/work/m2-mutualFunds-RAGchatbot/m2-mutualFunds-RAGchatbot/phase_2/scraped-data/chunked_json
2026-05-28 08:28:15,224 [INFO] ============================================================
2026-05-28 08:28:15,224 [INFO] STEP 4/4: Embedding Generation
2026-05-28 08:28:15,224 [INFO] ============================================================
2026-05-28 08:28:15,224 [INFO] --- Starting: Embedding ---
2026-05-28 08:28:16,477 [INFO] Embedding completed in 1.25s
2026-05-28 08:28:16,477 [INFO]   Processing: hdfc_mid_cap_fund_direct_growth_chunked.json
2026-05-28 08:28:16,477 [INFO]     Chunks processed: 5
2026-05-28 08:28:16,477 [INFO]     Embedding dim: 384
2026-05-28 08:28:16,478 [INFO]   Processing: hdfc_large_cap_fund_direct_growth_chunked.json
2026-05-28 08:28:16,478 [INFO]     Chunks processed: 4
2026-05-28 08:28:16,478 [INFO]     Embedding dim: 384
2026-05-28 08:28:16,478 [INFO]   
2026-05-28 08:28:16,478 [INFO]   ============================================================
2026-05-28 08:28:16,478 [INFO]   Processing Complete
2026-05-28 08:28:16,478 [INFO]   ============================================================
2026-05-28 08:28:16,478 [INFO]   Files processed: 5
2026-05-28 08:28:16,478 [INFO]   Total chunks indexed: 21
2026-05-28 08:28:16,478 [INFO]   Total vectors in DB: 21
2026-05-28 08:28:16,478 [INFO]   
2026-05-28 08:28:16,478 [INFO]   Vector database saved to: /home/runner/work/m2-mutualFunds-RAGchatbot/m2-mutualFunds-RAGchatbot/phase_3/vector_db
2026-05-28 08:28:16,479 [INFO] Report saved to /home/runner/work/m2-mutualFunds-RAGchatbot/m2-mutualFunds-RAGchatbot/logs/scheduler_report.json
2026-05-28 08:28:16,479 [INFO] ============================================================
2026-05-28 08:28:16,479 [INFO] ALL STEPS COMPLETE
2026-05-28 08:28:16,479 [INFO] ============================================================
