2026-06-04 08:39:34,639 [INFO] ============================================================
2026-06-04 08:39:34,640 [INFO] STEP 1/4: Web Scraping
2026-06-04 08:39:34,640 [INFO] ============================================================
2026-06-04 08:39:34,640 [INFO] --- Starting: Scraper ---
2026-06-04 08:39:37,159 [INFO] Scraper completed in 2.52s
2026-06-04 08:39:37,159 [INFO]   Total URLs: 5
2026-06-04 08:39:37,159 [INFO]   Successful: 5
2026-06-04 08:39:37,159 [INFO]   Failed: 0
2026-06-04 08:39:37,159 [INFO]   From Cache: 5
2026-06-04 08:39:37,159 [INFO]   ==================================================
2026-06-04 08:39:37,159 [INFO]   ✓ https://groww.in/mutual-funds/hdfc-mid-cap-fund-direct-growth
2026-06-04 08:39:37,159 [INFO]     Text length: 18766 characters
2026-06-04 08:39:37,159 [INFO]   ✓ https://groww.in/mutual-funds/hdfc-equity-fund-direct-growth
2026-06-04 08:39:37,159 [INFO]     Text length: 18256 characters
2026-06-04 08:39:37,159 [INFO]   ✓ https://groww.in/mutual-funds/hdfc-focused-fund-direct-growth
2026-06-04 08:39:37,159 [INFO]     Text length: 16801 characters
2026-06-04 08:39:37,159 [INFO]   ✓ https://groww.in/mutual-funds/hdfc-elss-tax-saver-fund-direct-plan-growth
2026-06-04 08:39:37,159 [INFO]     Text length: 17712 characters
2026-06-04 08:39:37,160 [INFO]   ✓ https://groww.in/mutual-funds/hdfc-large-cap-fund-direct-growth
2026-06-04 08:39:37,160 [INFO]     Text length: 17541 characters
2026-06-04 08:39:37,160 [INFO] ============================================================
2026-06-04 08:39:37,160 [INFO] STEP 2/4: Content Extraction
2026-06-04 08:39:37,160 [INFO] ============================================================
2026-06-04 08:39:37,160 [INFO] --- Starting: Content Extraction ---
2026-06-04 08:39:37,600 [INFO] Content Extraction completed in 0.44s
2026-06-04 08:39:37,600 [INFO]     Saved: hdfc_large_cap_fund_direct_growth.json
2026-06-04 08:39:37,600 [INFO]     Size: 3788 characters
2026-06-04 08:39:37,600 [INFO]   Processing: hdfc_equity_fund_direct_growth.html
2026-06-04 08:39:37,600 [INFO]     Saved: hdfc_equity_fund_direct_growth.json
2026-06-04 08:39:37,600 [INFO]     Size: 3953 characters
2026-06-04 08:39:37,600 [INFO]   
2026-06-04 08:39:37,600 [INFO]   ============================================================
2026-06-04 08:39:37,600 [INFO]   Processing Complete
2026-06-04 08:39:37,601 [INFO]   ============================================================
2026-06-04 08:39:37,601 [INFO]   Total files processed: 5
2026-06-04 08:39:37,601 [INFO]   Total original size: 1,914,715 characters
2026-06-04 08:39:37,601 [INFO]   Total cleaned size: 18,494 characters
2026-06-04 08:39:37,601 [INFO]   Reduction: 99.0%
2026-06-04 08:39:37,601 [INFO]   
2026-06-04 08:39:37,601 [INFO]   Extracted JSON files saved to: /home/runner/work/m2-mutualFunds-RAGchatbot/m2-mutualFunds-RAGchatbot/phase_2/scraped-data/extracted_json
2026-06-04 08:39:37,601 [INFO] ============================================================
2026-06-04 08:39:37,601 [INFO] STEP 3/4: Document Chunking
2026-06-04 08:39:37,601 [INFO] ============================================================
2026-06-04 08:39:37,601 [INFO] --- Starting: Chunking ---
2026-06-04 08:39:37,656 [INFO] Chunking completed in 0.06s
2026-06-04 08:39:37,657 [INFO]     Saved: hdfc_focused_fund_direct_growth_chunked.json
2026-06-04 08:39:37,657 [INFO]     Chunks: 3
2026-06-04 08:39:37,657 [INFO]     Valid chunks: 0
2026-06-04 08:39:37,657 [INFO]     Avg quality: 0.80
2026-06-04 08:39:37,657 [INFO]   
2026-06-04 08:39:37,657 [INFO]   ============================================================
2026-06-04 08:39:37,657 [INFO]   Processing Complete
2026-06-04 08:39:37,657 [INFO]   ============================================================
2026-06-04 08:39:37,657 [INFO]   Total files processed: 5
2026-06-04 08:39:37,657 [INFO]   Total chunks generated: 22
2026-06-04 08:39:37,657 [INFO]   Valid chunks: 2
2026-06-04 08:39:37,657 [INFO]   Invalid chunks: 20
2026-06-04 08:39:37,657 [INFO]   Average quality score: 0.82
2026-06-04 08:39:37,657 [INFO]   
2026-06-04 08:39:37,657 [INFO]   Chunked JSON files saved to: /home/runner/work/m2-mutualFunds-RAGchatbot/m2-mutualFunds-RAGchatbot/phase_2/scraped-data/chunked_json
2026-06-04 08:39:37,657 [INFO] ============================================================
2026-06-04 08:39:37,657 [INFO] STEP 4/4: Embedding Generation
2026-06-04 08:39:37,657 [INFO] ============================================================
2026-06-04 08:39:37,657 [INFO] --- Starting: Embedding ---
2026-06-04 08:39:38,904 [INFO] Embedding completed in 1.25s
2026-06-04 08:39:38,904 [INFO]   Processing: hdfc_focused_fund_direct_growth_chunked.json
2026-06-04 08:39:38,905 [INFO]     Chunks processed: 3
2026-06-04 08:39:38,905 [INFO]     Embedding dim: 384
2026-06-04 08:39:38,905 [INFO]   Processing: hdfc_equity_fund_direct_growth_chunked.json
2026-06-04 08:39:38,905 [INFO]     Chunks processed: 5
2026-06-04 08:39:38,905 [INFO]     Embedding dim: 384
2026-06-04 08:39:38,905 [INFO]   
2026-06-04 08:39:38,905 [INFO]   ============================================================
2026-06-04 08:39:38,905 [INFO]   Processing Complete
2026-06-04 08:39:38,905 [INFO]   ============================================================
2026-06-04 08:39:38,905 [INFO]   Files processed: 5
2026-06-04 08:39:38,905 [INFO]   Total chunks indexed: 22
2026-06-04 08:39:38,905 [INFO]   Total vectors in DB: 22
2026-06-04 08:39:38,905 [INFO]   
2026-06-04 08:39:38,905 [INFO]   Vector database saved to: /home/runner/work/m2-mutualFunds-RAGchatbot/m2-mutualFunds-RAGchatbot/phase_3/vector_db
2026-06-04 08:39:38,905 [INFO] Report saved to /home/runner/work/m2-mutualFunds-RAGchatbot/m2-mutualFunds-RAGchatbot/logs/scheduler_report.json
2026-06-04 08:39:38,905 [INFO] ============================================================
2026-06-04 08:39:38,905 [INFO] ALL STEPS COMPLETE
2026-06-04 08:39:38,906 [INFO] ============================================================
