2026-06-14 08:34:13,343 [INFO] ============================================================
2026-06-14 08:34:13,344 [INFO] STEP 1/4: Web Scraping
2026-06-14 08:34:13,344 [INFO] ============================================================
2026-06-14 08:34:13,344 [INFO] --- Starting: Scraper ---
2026-06-14 08:34:16,982 [INFO] Scraper completed in 3.64s
2026-06-14 08:34:16,982 [INFO]   Total URLs: 5
2026-06-14 08:34:16,982 [INFO]   Successful: 5
2026-06-14 08:34:16,982 [INFO]   Failed: 0
2026-06-14 08:34:16,982 [INFO]   From Cache: 0
2026-06-14 08:34:16,982 [INFO]   ==================================================
2026-06-14 08:34:16,982 [INFO]   ✓ https://groww.in/mutual-funds/hdfc-mid-cap-fund-direct-growth
2026-06-14 08:34:16,982 [INFO]     Text length: 18898 characters
2026-06-14 08:34:16,982 [INFO]   ✓ https://groww.in/mutual-funds/hdfc-equity-fund-direct-growth
2026-06-14 08:34:16,982 [INFO]     Text length: 18616 characters
2026-06-14 08:34:16,982 [INFO]   ✓ https://groww.in/mutual-funds/hdfc-focused-fund-direct-growth
2026-06-14 08:34:16,982 [INFO]     Text length: 17051 characters
2026-06-14 08:34:16,983 [INFO]   ✓ https://groww.in/mutual-funds/hdfc-elss-tax-saver-fund-direct-plan-growth
2026-06-14 08:34:16,983 [INFO]     Text length: 17922 characters
2026-06-14 08:34:16,983 [INFO]   ✓ https://groww.in/mutual-funds/hdfc-large-cap-fund-direct-growth
2026-06-14 08:34:16,983 [INFO]     Text length: 17541 characters
2026-06-14 08:34:16,983 [INFO] ============================================================
2026-06-14 08:34:16,983 [INFO] STEP 2/4: Content Extraction
2026-06-14 08:34:16,983 [INFO] ============================================================
2026-06-14 08:34:16,983 [INFO] --- Starting: Content Extraction ---
2026-06-14 08:34:17,518 [INFO] Content Extraction completed in 0.53s
2026-06-14 08:34:17,518 [INFO]     Saved: hdfc_large_cap_fund_direct_growth.json
2026-06-14 08:34:17,518 [INFO]     Size: 3788 characters
2026-06-14 08:34:17,518 [INFO]   Processing: hdfc_elss_tax_saver_fund_direct_plan_growth.html
2026-06-14 08:34:17,518 [INFO]     Saved: hdfc_elss_tax_saver_fund_direct_plan_growth.json
2026-06-14 08:34:17,518 [INFO]     Size: 4547 characters
2026-06-14 08:34:17,518 [INFO]   
2026-06-14 08:34:17,518 [INFO]   ============================================================
2026-06-14 08:34:17,518 [INFO]   Processing Complete
2026-06-14 08:34:17,518 [INFO]   ============================================================
2026-06-14 08:34:17,518 [INFO]   Total files processed: 5
2026-06-14 08:34:17,518 [INFO]   Total original size: 1,924,706 characters
2026-06-14 08:34:17,519 [INFO]   Total cleaned size: 22,257 characters
2026-06-14 08:34:17,519 [INFO]   Reduction: 98.8%
2026-06-14 08:34:17,519 [INFO]   
2026-06-14 08:34:17,519 [INFO]   Extracted JSON files saved to: /home/runner/work/m2-mutualFunds-RAGchatbot/m2-mutualFunds-RAGchatbot/phase_2/scraped-data/extracted_json
2026-06-14 08:34:17,519 [INFO] ============================================================
2026-06-14 08:34:17,519 [INFO] STEP 3/4: Document Chunking
2026-06-14 08:34:17,519 [INFO] ============================================================
2026-06-14 08:34:17,519 [INFO] --- Starting: Chunking ---
2026-06-14 08:34:17,573 [INFO] Chunking completed in 0.05s
2026-06-14 08:34:17,573 [INFO]     Saved: hdfc_equity_fund_direct_growth_chunked.json
2026-06-14 08:34:17,573 [INFO]     Chunks: 6
2026-06-14 08:34:17,573 [INFO]     Valid chunks: 1
2026-06-14 08:34:17,573 [INFO]     Avg quality: 0.83
2026-06-14 08:34:17,573 [INFO]   
2026-06-14 08:34:17,573 [INFO]   ============================================================
2026-06-14 08:34:17,573 [INFO]   Processing Complete
2026-06-14 08:34:17,574 [INFO]   ============================================================
2026-06-14 08:34:17,574 [INFO]   Total files processed: 5
2026-06-14 08:34:17,574 [INFO]   Total chunks generated: 28
2026-06-14 08:34:17,574 [INFO]   Valid chunks: 1
2026-06-14 08:34:17,574 [INFO]   Invalid chunks: 27
2026-06-14 08:34:17,574 [INFO]   Average quality score: 0.81
2026-06-14 08:34:17,574 [INFO]   
2026-06-14 08:34:17,574 [INFO]   Chunked JSON files saved to: /home/runner/work/m2-mutualFunds-RAGchatbot/m2-mutualFunds-RAGchatbot/phase_2/scraped-data/chunked_json
2026-06-14 08:34:17,574 [INFO] ============================================================
2026-06-14 08:34:17,574 [INFO] STEP 4/4: Embedding Generation
2026-06-14 08:34:17,574 [INFO] ============================================================
2026-06-14 08:34:17,574 [INFO] --- Starting: Embedding ---
2026-06-14 08:34:18,912 [INFO] Embedding completed in 1.34s
2026-06-14 08:34:18,912 [INFO]   Processing: hdfc_mid_cap_fund_direct_growth_chunked.json
2026-06-14 08:34:18,912 [INFO]     Chunks processed: 7
2026-06-14 08:34:18,912 [INFO]     Embedding dim: 384
2026-06-14 08:34:18,912 [INFO]   Processing: hdfc_equity_fund_direct_growth_chunked.json
2026-06-14 08:34:18,912 [INFO]     Chunks processed: 6
2026-06-14 08:34:18,912 [INFO]     Embedding dim: 384
2026-06-14 08:34:18,912 [INFO]   
2026-06-14 08:34:18,912 [INFO]   ============================================================
2026-06-14 08:34:18,913 [INFO]   Processing Complete
2026-06-14 08:34:18,913 [INFO]   ============================================================
2026-06-14 08:34:18,913 [INFO]   Files processed: 5
2026-06-14 08:34:18,913 [INFO]   Total chunks indexed: 28
2026-06-14 08:34:18,913 [INFO]   Total vectors in DB: 28
2026-06-14 08:34:18,913 [INFO]   
2026-06-14 08:34:18,913 [INFO]   Vector database saved to: /home/runner/work/m2-mutualFunds-RAGchatbot/m2-mutualFunds-RAGchatbot/phase_3/vector_db
2026-06-14 08:34:18,913 [INFO] Report saved to /home/runner/work/m2-mutualFunds-RAGchatbot/m2-mutualFunds-RAGchatbot/logs/scheduler_report.json
2026-06-14 08:34:18,913 [INFO] ============================================================
2026-06-14 08:34:18,913 [INFO] ALL STEPS COMPLETE
2026-06-14 08:34:18,913 [INFO] ============================================================
