2026-07-19 07:06:05,202 [INFO] ============================================================
2026-07-19 07:06:05,202 [INFO] STEP 1/4: Web Scraping
2026-07-19 07:06:05,202 [INFO] ============================================================
2026-07-19 07:06:05,202 [INFO] --- Starting: Scraper ---
2026-07-19 07:06:07,526 [INFO] Scraper completed in 2.32s
2026-07-19 07:06:07,526 [INFO]   Total URLs: 5
2026-07-19 07:06:07,526 [INFO]   Successful: 5
2026-07-19 07:06:07,526 [INFO]   Failed: 0
2026-07-19 07:06:07,526 [INFO]   From Cache: 0
2026-07-19 07:06:07,526 [INFO]   ==================================================
2026-07-19 07:06:07,526 [INFO]   ✓ https://groww.in/mutual-funds/hdfc-mid-cap-fund-direct-growth
2026-07-19 07:06:07,526 [INFO]     Text length: 18899 characters
2026-07-19 07:06:07,526 [INFO]   ✓ https://groww.in/mutual-funds/hdfc-equity-fund-direct-growth
2026-07-19 07:06:07,526 [INFO]     Text length: 19087 characters
2026-07-19 07:06:07,526 [INFO]   ✓ https://groww.in/mutual-funds/hdfc-focused-fund-direct-growth
2026-07-19 07:06:07,526 [INFO]     Text length: 17094 characters
2026-07-19 07:06:07,526 [INFO]   ✓ https://groww.in/mutual-funds/hdfc-elss-tax-saver-fund-direct-plan-growth
2026-07-19 07:06:07,526 [INFO]     Text length: 18109 characters
2026-07-19 07:06:07,526 [INFO]   ✓ https://groww.in/mutual-funds/hdfc-large-cap-fund-direct-growth
2026-07-19 07:06:07,526 [INFO]     Text length: 17580 characters
2026-07-19 07:06:07,527 [INFO] ============================================================
2026-07-19 07:06:07,527 [INFO] STEP 2/4: Content Extraction
2026-07-19 07:06:07,527 [INFO] ============================================================
2026-07-19 07:06:07,527 [INFO] --- Starting: Content Extraction ---
2026-07-19 07:06:08,021 [INFO] Content Extraction completed in 0.49s
2026-07-19 07:06:08,021 [INFO]     Saved: hdfc_mid_cap_fund_direct_growth.json
2026-07-19 07:06:08,021 [INFO]     Size: 5521 characters
2026-07-19 07:06:08,021 [INFO]   Processing: hdfc_large_cap_fund_direct_growth.html
2026-07-19 07:06:08,021 [INFO]     Saved: hdfc_large_cap_fund_direct_growth.json
2026-07-19 07:06:08,021 [INFO]     Size: 3785 characters
2026-07-19 07:06:08,021 [INFO]   
2026-07-19 07:06:08,021 [INFO]   ============================================================
2026-07-19 07:06:08,021 [INFO]   Processing Complete
2026-07-19 07:06:08,021 [INFO]   ============================================================
2026-07-19 07:06:08,021 [INFO]   Total files processed: 5
2026-07-19 07:06:08,021 [INFO]   Total original size: 1,982,759 characters
2026-07-19 07:06:08,021 [INFO]   Total cleaned size: 22,832 characters
2026-07-19 07:06:08,022 [INFO]   Reduction: 98.8%
2026-07-19 07:06:08,022 [INFO]   
2026-07-19 07:06:08,022 [INFO]   Extracted JSON files saved to: /home/runner/work/m2-mutualFunds-RAGchatbot/m2-mutualFunds-RAGchatbot/phase_2/scraped-data/extracted_json
2026-07-19 07:06:08,022 [INFO] ============================================================
2026-07-19 07:06:08,022 [INFO] STEP 3/4: Document Chunking
2026-07-19 07:06:08,022 [INFO] ============================================================
2026-07-19 07:06:08,022 [INFO] --- Starting: Chunking ---
2026-07-19 07:06:08,078 [INFO] Chunking completed in 0.06s
2026-07-19 07:06:08,078 [INFO]     Saved: hdfc_elss_tax_saver_fund_direct_plan_growth_chunked.json
2026-07-19 07:06:08,078 [INFO]     Chunks: 6
2026-07-19 07:06:08,078 [INFO]     Valid chunks: 0
2026-07-19 07:06:08,078 [INFO]     Avg quality: 0.80
2026-07-19 07:06:08,079 [INFO]   
2026-07-19 07:06:08,079 [INFO]   ============================================================
2026-07-19 07:06:08,079 [INFO]   Processing Complete
2026-07-19 07:06:08,079 [INFO]   ============================================================
2026-07-19 07:06:08,079 [INFO]   Total files processed: 5
2026-07-19 07:06:08,079 [INFO]   Total chunks generated: 28
2026-07-19 07:06:08,079 [INFO]   Valid chunks: 1
2026-07-19 07:06:08,079 [INFO]   Invalid chunks: 27
2026-07-19 07:06:08,079 [INFO]   Average quality score: 0.81
2026-07-19 07:06:08,079 [INFO]   
2026-07-19 07:06:08,079 [INFO]   Chunked JSON files saved to: /home/runner/work/m2-mutualFunds-RAGchatbot/m2-mutualFunds-RAGchatbot/phase_2/scraped-data/chunked_json
2026-07-19 07:06:08,079 [INFO] ============================================================
2026-07-19 07:06:08,079 [INFO] STEP 4/4: Embedding Generation
2026-07-19 07:06:08,079 [INFO] ============================================================
2026-07-19 07:06:08,079 [INFO] --- Starting: Embedding ---
2026-07-19 07:06:09,497 [INFO] Embedding completed in 1.42s
2026-07-19 07:06:09,497 [INFO]   Processing: hdfc_focused_fund_direct_growth_chunked.json
2026-07-19 07:06:09,497 [INFO]     Chunks processed: 4
2026-07-19 07:06:09,497 [INFO]     Embedding dim: 384
2026-07-19 07:06:09,498 [INFO]   Processing: hdfc_mid_cap_fund_direct_growth_chunked.json
2026-07-19 07:06:09,498 [INFO]     Chunks processed: 7
2026-07-19 07:06:09,498 [INFO]     Embedding dim: 384
2026-07-19 07:06:09,498 [INFO]   
2026-07-19 07:06:09,498 [INFO]   ============================================================
2026-07-19 07:06:09,498 [INFO]   Processing Complete
2026-07-19 07:06:09,498 [INFO]   ============================================================
2026-07-19 07:06:09,498 [INFO]   Files processed: 5
2026-07-19 07:06:09,498 [INFO]   Total chunks indexed: 28
2026-07-19 07:06:09,498 [INFO]   Total vectors in DB: 29
2026-07-19 07:06:09,498 [INFO]   
2026-07-19 07:06:09,498 [INFO]   Vector database saved to: /home/runner/work/m2-mutualFunds-RAGchatbot/m2-mutualFunds-RAGchatbot/phase_3/vector_db
2026-07-19 07:06:09,499 [INFO] Report saved to /home/runner/work/m2-mutualFunds-RAGchatbot/m2-mutualFunds-RAGchatbot/logs/scheduler_report.json
2026-07-19 07:06:09,499 [INFO] ============================================================
2026-07-19 07:06:09,499 [INFO] ALL STEPS COMPLETE
2026-07-19 07:06:09,499 [INFO] ============================================================
