2026-05-05 18:47:38 - scraping - INFO - <module>:143 - This is an info message
2026-05-05 18:47:38 - scraping - WARNING - <module>:144 - This is a warning message
2026-05-05 18:47:38 - scraping - ERROR - <module>:145 - This is an error message
2026-05-05 18:52:46 - scraping - ERROR - read_corpus_urls:82 - Error reading corpus file: [Errno 2] No such file or directory: 'c:\\milestone 2\\phase-2\\phase-1\\1.3-url-collection\\corpus-urls.txt'
2026-05-05 18:52:52 - scraping - INFO - read_corpus_urls:78 - Read 5 URLs from corpus file
2026-05-05 18:52:52 - scraping - INFO - scrape_all:222 - Starting to scrape 5 URLs
2026-05-05 18:52:52 - scraping - INFO - scrape_all:225 - Processing URL 1/5
2026-05-05 18:52:52 - scraping - INFO - scrape_url:128 - Validating URL: https://groww.in/mutual-funds/hdfc-mid-cap-fund-direct-growth
2026-05-05 18:52:53 - scraping - INFO - scrape_url:136 - URL accessible. Status: 200
2026-05-05 18:52:53 - scraping - INFO - scrape_url:147 - Fetching content from https://groww.in/mutual-funds/hdfc-mid-cap-fund-direct-growth
2026-05-05 18:52:55 - scraping - INFO - scrape_url:153 - Fetched 411136 characters
2026-05-05 18:52:55 - scraping - INFO - scrape_url:163 - Saved raw HTML to c:\milestone 2\phase-2\scraped-data\raw_html\hdfc_mid_cap_fund_direct_growth.html
2026-05-05 18:52:55 - scraping - INFO - scrape_url:180 - Saved extracted text to c:\milestone 2\phase-2\scraped-data\extracted_text\hdfc_mid_cap_fund_direct_growth.txt (18884 characters)
2026-05-05 18:52:55 - scraping - INFO - scrape_url:201 - Saved metadata to c:\milestone 2\phase-2\scraped-data\metadata\hdfc_mid_cap_fund_direct_growth.json
2026-05-05 18:52:55 - scraping - INFO - scrape_url:204 - Successfully scraped https://groww.in/mutual-funds/hdfc-mid-cap-fund-direct-growth
2026-05-05 18:52:55 - scraping - INFO - scrape_all:225 - Processing URL 2/5
2026-05-05 18:52:55 - scraping - INFO - scrape_url:128 - Validating URL: https://groww.in/mutual-funds/hdfc-equity-fund-direct-growth
2026-05-05 18:52:55 - scraping - INFO - scrape_url:136 - URL accessible. Status: 200
2026-05-05 18:52:55 - scraping - INFO - scrape_url:147 - Fetching content from https://groww.in/mutual-funds/hdfc-equity-fund-direct-growth
2026-05-05 18:52:55 - scraping - INFO - scrape_url:153 - Fetched 395034 characters
2026-05-05 18:52:55 - scraping - INFO - scrape_url:163 - Saved raw HTML to c:\milestone 2\phase-2\scraped-data\raw_html\hdfc_equity_fund_direct_growth.html
2026-05-05 18:52:56 - scraping - INFO - scrape_url:180 - Saved extracted text to c:\milestone 2\phase-2\scraped-data\extracted_text\hdfc_equity_fund_direct_growth.txt (18075 characters)
2026-05-05 18:52:56 - scraping - INFO - scrape_url:201 - Saved metadata to c:\milestone 2\phase-2\scraped-data\metadata\hdfc_equity_fund_direct_growth.json
2026-05-05 18:52:56 - scraping - INFO - scrape_url:204 - Successfully scraped https://groww.in/mutual-funds/hdfc-equity-fund-direct-growth
2026-05-05 18:52:56 - scraping - INFO - scrape_all:225 - Processing URL 3/5
2026-05-05 18:52:56 - scraping - INFO - scrape_url:128 - Validating URL: https://groww.in/mutual-funds/hdfc-focused-fund-direct-growth
2026-05-05 18:52:56 - scraping - INFO - scrape_url:136 - URL accessible. Status: 200
2026-05-05 18:52:56 - scraping - INFO - scrape_url:147 - Fetching content from https://groww.in/mutual-funds/hdfc-focused-fund-direct-growth
2026-05-05 18:52:56 - scraping - INFO - scrape_url:153 - Fetched 360613 characters
2026-05-05 18:52:56 - scraping - INFO - scrape_url:163 - Saved raw HTML to c:\milestone 2\phase-2\scraped-data\raw_html\hdfc_focused_fund_direct_growth.html
2026-05-05 18:52:57 - scraping - INFO - scrape_url:180 - Saved extracted text to c:\milestone 2\phase-2\scraped-data\extracted_text\hdfc_focused_fund_direct_growth.txt (16817 characters)
2026-05-05 18:52:57 - scraping - INFO - scrape_url:201 - Saved metadata to c:\milestone 2\phase-2\scraped-data\metadata\hdfc_focused_fund_direct_growth.json
2026-05-05 18:52:57 - scraping - INFO - scrape_url:204 - Successfully scraped https://groww.in/mutual-funds/hdfc-focused-fund-direct-growth
2026-05-05 18:52:57 - scraping - INFO - scrape_all:225 - Processing URL 4/5
2026-05-05 18:52:57 - scraping - INFO - scrape_url:128 - Validating URL: https://groww.in/mutual-funds/hdfc-elss-tax-saver-fund-direct-plan-growth
2026-05-05 18:52:57 - scraping - INFO - scrape_url:136 - URL accessible. Status: 200
2026-05-05 18:52:57 - scraping - INFO - scrape_url:147 - Fetching content from https://groww.in/mutual-funds/hdfc-elss-tax-saver-fund-direct-plan-growth
2026-05-05 18:52:57 - scraping - INFO - scrape_url:153 - Fetched 389109 characters
2026-05-05 18:52:57 - scraping - INFO - scrape_url:163 - Saved raw HTML to c:\milestone 2\phase-2\scraped-data\raw_html\hdfc_elss_tax_saver_fund_direct_plan_growth.html
2026-05-05 18:52:57 - scraping - INFO - scrape_url:180 - Saved extracted text to c:\milestone 2\phase-2\scraped-data\extracted_text\hdfc_elss_tax_saver_fund_direct_plan_growth.txt (17759 characters)
2026-05-05 18:52:57 - scraping - INFO - scrape_url:201 - Saved metadata to c:\milestone 2\phase-2\scraped-data\metadata\hdfc_elss_tax_saver_fund_direct_plan_growth.json
2026-05-05 18:52:57 - scraping - INFO - scrape_url:204 - Successfully scraped https://groww.in/mutual-funds/hdfc-elss-tax-saver-fund-direct-plan-growth
2026-05-05 18:52:57 - scraping - INFO - scrape_all:225 - Processing URL 5/5
2026-05-05 18:52:57 - scraping - INFO - scrape_url:128 - Validating URL: https://groww.in/mutual-funds/hdfc-large-cap-fund-direct-growth
2026-05-05 18:52:58 - scraping - INFO - scrape_url:136 - URL accessible. Status: 200
2026-05-05 18:52:58 - scraping - INFO - scrape_url:147 - Fetching content from https://groww.in/mutual-funds/hdfc-large-cap-fund-direct-growth
2026-05-05 18:52:58 - scraping - INFO - scrape_url:153 - Fetched 376562 characters
2026-05-05 18:52:58 - scraping - INFO - scrape_url:163 - Saved raw HTML to c:\milestone 2\phase-2\scraped-data\raw_html\hdfc_large_cap_fund_direct_growth.html
2026-05-05 18:52:58 - scraping - INFO - scrape_url:180 - Saved extracted text to c:\milestone 2\phase-2\scraped-data\extracted_text\hdfc_large_cap_fund_direct_growth.txt (17482 characters)
2026-05-05 18:52:58 - scraping - INFO - scrape_url:201 - Saved metadata to c:\milestone 2\phase-2\scraped-data\metadata\hdfc_large_cap_fund_direct_growth.json
2026-05-05 18:52:58 - scraping - INFO - scrape_url:204 - Successfully scraped https://groww.in/mutual-funds/hdfc-large-cap-fund-direct-growth
2026-05-05 18:52:58 - scraping - INFO - scrape_all:243 - Scraping summary saved to c:\milestone 2\phase-2\scraped-data\scraping_summary.json
2026-05-05 18:52:58 - scraping - INFO - scrape_all:244 - Scraping complete: 5/5 successful
